#
# There is insufficient memory for the Java Runtime Environment to continue.
# Native memory allocation (malloc) failed to allocate 121136 bytes. Error detail: Chunk::new
# Possible reasons:
#   The system is out of physical RAM or swap space
#   This process is running with CompressedOops enabled, and the Java Heap may be blocking the growth of the native heap
# Possible solutions:
#   Reduce memory load on the system
#   Increase physical memory or swap space
#   Check if swap backing store is full
#   Decrease Java heap size (-Xmx/-Xms)
#   Decrease number of Java threads
#   Decrease Java thread stack sizes (-Xss)
#   Set larger code cache with -XX:ReservedCodeCacheSize=
#   JVM is running with Zero Based Compressed Oops mode in which the Java heap is
#     placed in the first 32GB address space. The Java Heap base address is the
#     maximum limit for the native heap growth. Please use -XX:HeapBaseMinAddress
#     to set the Java Heap base and to place the Java Heap above 32GB virtual address.
# This output file may be truncated or incomplete.
#
#  Out of Memory Error (arena.cpp:149), pid=2344, tid=25032
#
# JRE version: Java(TM) SE Runtime Environment (23.0.1+11) (build 23.0.1+11-39)
# Java VM: Java HotSpot(TM) 64-Bit Server VM (23.0.1+11-39, mixed mode, sharing, tiered, compressed oops, compressed class ptrs, g1 gc, windows-amd64)
# No core dump will be written. Minidumps are not enabled by default on client versions of Windows
#

---------------  S U M M A R Y ------------

Command Line: --module-path=C:\Users\USER\.m2\repository\org\openjfx\javafx-base\21\javafx-base-21-win.jar;C:\Users\USER\.m2\repository\org\openjfx\javafx-base\21\javafx-base-21.jar;C:\Users\USER\.m2\repository\org\openjfx\javafx-controls\21\javafx-controls-21-win.jar;C:\Users\USER\.m2\repository\org\openjfx\javafx-controls\21\javafx-controls-21.jar;C:\Users\USER\.m2\repository\org\openjfx\javafx-fxml\21\javafx-fxml-21-win.jar;C:\Users\USER\.m2\repository\org\openjfx\javafx-fxml\21\javafx-fxml-21.jar;C:\Users\USER\.m2\repository\org\openjfx\javafx-graphics\21\javafx-graphics-21-win.jar;C:\Users\USER\.m2\repository\org\openjfx\javafx-graphics\21\javafx-graphics-21.jar --add-modules=javafx.base,javafx.controls,javafx.fxml,javafx.graphics com.securechat.client.ClientApp

Host: 12th Gen Intel(R) Core(TM) i5-1240P, 16 cores, 15G,  Windows 11 , 64 bit Build 26100 (10.0.26100.7523)
Time: Thu Dec 25 19:59:28 2025 Bangladesh Standard Time elapsed time: 104.079100 seconds (0d 0h 1m 44s)

---------------  T H R E A D  ---------------

Current thread (0x000001f9ebbf9ab0):  JavaThread "C2 CompilerThread0" daemon [_thread_in_native, id=25032, stack(0x0000002fd3400000,0x0000002fd3500000) (1024K)]


Current CompileTask:
C2:104079 5338       4       java.io.BufferedInputStream::fill (204 bytes)

Stack: [0x0000002fd3400000,0x0000002fd3500000]
Native frames: (J=compiled Java code, j=interpreted, Vv=VM code, C=native code)
V  [jvm.dll+0x6e08b9]  (no source info available)
V  [jvm.dll+0x87dc83]  (no source info available)
V  [jvm.dll+0x88010e]  (no source info available)
V  [jvm.dll+0x8807e3]  (no source info available)
V  [jvm.dll+0x27aee6]  (no source info available)
V  [jvm.dll+0xbc06f]  (no source info available)
V  [jvm.dll+0xbc2cb]  (no source info available)
V  [jvm.dll+0x3b3a62]  (no source info available)
V  [jvm.dll+0x38a42b]  (no source info available)
V  [jvm.dll+0x38989a]  (no source info available)
V  [jvm.dll+0x244aa1]  (no source info available)
V  [jvm.dll+0x243dff]  (no source info available)
V  [jvm.dll+0x1c33a0]  (no source info available)
V  [jvm.dll+0x253cf1]  (no source info available)
V  [jvm.dll+0x251faa]  (no source info available)
V  [jvm.dll+0x3ee036]  (no source info available)
V  [jvm.dll+0x824f8b]  (no source info available)
V  [jvm.dll+0x6df065]  (no source info available)
C  [ucrtbase.dll+0x37b0]  (no source info available)
C  [KERNEL32.DLL+0x2e8d7]  (no source info available)
C  [ntdll.dll+0x8c3dc]  (no source info available)

Lock stack of current Java thread (top to bottom):


---------------  P R O C E S S  ---------------

Threads class SMR info:
_java_thread_list=0x000001f9c55f0f00, length=19, elements={
0x000001f9ca429770, 0x000001f9ebbf0c00, 0x000001f9ebbf1270, 0x000001f9ebbf3a20,
0x000001f9ebbf41c0, 0x000001f9ebbf4960, 0x000001f9ebbf8fe0, 0x000001f9ebbf9ab0,
0x000001f9c5026100, 0x000001f9c5161c30, 0x000001f9c5673670, 0x000001f9c5c3cb60,
0x000001f9c627f420, 0x000001f9c6271df0, 0x000001f9c6403d80, 0x000001f9c63f4ad0,
0x000001f9c65f8ab0, 0x000001f9f2f51b30, 0x000001f9c6a79700
}

Java Threads: ( => current thread )
  0x000001f9ca429770 JavaThread "main"                              [_thread_blocked, id=14292, stack(0x0000002fd2600000,0x0000002fd2700000) (1024K)]
  0x000001f9ebbf0c00 JavaThread "Reference Handler"          daemon [_thread_blocked, id=19112, stack(0x0000002fd2e00000,0x0000002fd2f00000) (1024K)]
  0x000001f9ebbf1270 JavaThread "Finalizer"                  daemon [_thread_blocked, id=15864, stack(0x0000002fd2f00000,0x0000002fd3000000) (1024K)]
  0x000001f9ebbf3a20 JavaThread "Signal Dispatcher"          daemon [_thread_blocked, id=21688, stack(0x0000002fd3000000,0x0000002fd3100000) (1024K)]
  0x000001f9ebbf41c0 JavaThread "Attach Listener"            daemon [_thread_blocked, id=5780, stack(0x0000002fd3100000,0x0000002fd3200000) (1024K)]
  0x000001f9ebbf4960 JavaThread "Service Thread"             daemon [_thread_blocked, id=18676, stack(0x0000002fd3200000,0x0000002fd3300000) (1024K)]
  0x000001f9ebbf8fe0 JavaThread "Monitor Deflation Thread"   daemon [_thread_blocked, id=25928, stack(0x0000002fd3300000,0x0000002fd3400000) (1024K)]
=>0x000001f9ebbf9ab0 JavaThread "C2 CompilerThread0"         daemon [_thread_in_native, id=25032, stack(0x0000002fd3400000,0x0000002fd3500000) (1024K)]
  0x000001f9c5026100 JavaThread "C1 CompilerThread0"         daemon [_thread_blocked, id=8416, stack(0x0000002fd3500000,0x0000002fd3600000) (1024K)]
  0x000001f9c5161c30 JavaThread "Common-Cleaner"             daemon [_thread_blocked, id=16620, stack(0x0000002fd3800000,0x0000002fd3900000) (1024K)]
  0x000001f9c5673670 JavaThread "Notification Thread"        daemon [_thread_blocked, id=25200, stack(0x0000002fd4100000,0x0000002fd4200000) (1024K)]
  0x000001f9c5c3cb60 JavaThread "QuantumRenderer-0"          daemon [_thread_blocked, id=1392, stack(0x0000002fd4000000,0x0000002fd4100000) (1024K)]
  0x000001f9c627f420 JavaThread "InvokeLaterDispatcher"      daemon [_thread_blocked, id=2708, stack(0x0000002fd3e00000,0x0000002fd3f00000) (1024K)]
  0x000001f9c6271df0 JavaThread "JavaFX Application Thread"         [_thread_in_native, id=15484, stack(0x0000002fd3f00000,0x0000002fd4000000) (1024K)]
  0x000001f9c6403d80 JavaThread "JavaFX-Launcher"                   [_thread_blocked, id=11464, stack(0x0000002fd3d00000,0x0000002fd3e00000) (1024K)]
  0x000001f9c63f4ad0 JavaThread "Thread-2"                   daemon [_thread_in_native, id=20020, stack(0x0000002fd4700000,0x0000002fd4800000) (1024K)]
  0x000001f9c65f8ab0 JavaThread "Prism Font Disposer"        daemon [_thread_blocked, id=6608, stack(0x0000002fd5400000,0x0000002fd5500000) (1024K)]
  0x000001f9f2f51b30 JavaThread "Cleaner-0"                  daemon [_thread_blocked, id=22664, stack(0x0000002fd3c00000,0x0000002fd3d00000) (1024K)]
  0x000001f9c6a79700 JavaThread "Thread-4"                   daemon [_thread_in_native, id=16684, stack(0x0000002fd3b00000,0x0000002fd3c00000) (1024K)]
Total: 19

Other Threads:
  0x000001f9ebbd5600 VMThread "VM Thread"                           [id=23264, stack(0x0000002fd2d00000,0x0000002fd2e00000) (1024K)]
  0x000001f9ebbc1af0 WatcherThread "VM Periodic Task Thread"        [id=25268, stack(0x0000002fd2c00000,0x0000002fd2d00000) (1024K)]
  0x000001f9cc8e7160 WorkerThread "GC Thread#0"                     [id=20556, stack(0x0000002fd2700000,0x0000002fd2800000) (1024K)]
  0x000001f9c6422770 WorkerThread "GC Thread#1"                     [id=2224, stack(0x0000002fd4800000,0x0000002fd4900000) (1024K)]
  0x000001f9c6422b20 WorkerThread "GC Thread#2"                     [id=20984, stack(0x0000002fd4900000,0x0000002fd4a00000) (1024K)]
  0x000001f9c6422ed0 WorkerThread "GC Thread#3"                     [id=20076, stack(0x0000002fd4a00000,0x0000002fd4b00000) (1024K)]
  0x000001f9c6423280 WorkerThread "GC Thread#4"                     [id=25720, stack(0x0000002fd4b00000,0x0000002fd4c00000) (1024K)]
  0x000001f9c6423630 WorkerThread "GC Thread#5"                     [id=14264, stack(0x0000002fd4c00000,0x0000002fd4d00000) (1024K)]
  0x000001f9c695c070 WorkerThread "GC Thread#6"                     [id=19448, stack(0x0000002fd4d00000,0x0000002fd4e00000) (1024K)]
  0x000001f9c695ae00 WorkerThread "GC Thread#7"                     [id=19040, stack(0x0000002fd4e00000,0x0000002fd4f00000) (1024K)]
  0x000001f9c695b910 WorkerThread "GC Thread#8"                     [id=8460, stack(0x0000002fd4f00000,0x0000002fd5000000) (1024K)]
  0x000001f9c695c420 WorkerThread "GC Thread#9"                     [id=26224, stack(0x0000002fd5000000,0x0000002fd5100000) (1024K)]
  0x000001f9f2fa6660 WorkerThread "GC Thread#10"                    [id=4260, stack(0x0000002fd2400000,0x0000002fd2500000) (1024K)]
  0x000001f9f2fa6dc0 WorkerThread "GC Thread#11"                    [id=7508, stack(0x0000002fd2500000,0x0000002fd2600000) (1024K)]
  0x000001f9f2fa92a0 WorkerThread "GC Thread#12"                    [id=11388, stack(0x0000002fd3700000,0x0000002fd3800000) (1024K)]
  0x000001f9cc8fbb20 ConcurrentGCThread "G1 Main Marker"            [id=13704, stack(0x0000002fd2800000,0x0000002fd2900000) (1024K)]
  0x000001f9cc8fc8f0 WorkerThread "G1 Conc#0"                       [id=13304, stack(0x0000002fd2900000,0x0000002fd2a00000) (1024K)]
  0x000001f9f2fa7520 WorkerThread "G1 Conc#1"                       [id=20580, stack(0x0000002fd5500000,0x0000002fd5600000) (1024K)]
  0x000001f9c55e4030 WorkerThread "G1 Conc#2"                       [id=20436, stack(0x0000002fd5600000,0x0000002fd5700000) (1024K)]
  0x000001f9cc93e4f0 ConcurrentGCThread "G1 Refine#0"               [id=16456, stack(0x0000002fd2a00000,0x0000002fd2b00000) (1024K)]
  0x000001f9cc93ea30 ConcurrentGCThread "G1 Service"                [id=12752, stack(0x0000002fd2b00000,0x0000002fd2c00000) (1024K)]
Total: 21

Threads with active compile tasks:
C2 CompilerThread0  104283 5338       4       java.io.BufferedInputStream::fill (204 bytes)
Total: 1

VM state: not at safepoint (normal execution)

VM Mutex/Monitor currently owned by a thread: None

Heap address: 0x0000000704800000, size: 4024 MB, Compressed Oops mode: Zero based, Oop shift amount: 3

CDS archive(s) mapped at: [0x000001f980000000-0x000001f980d70000-0x000001f980d70000), size 14090240, SharedBaseAddress: 0x000001f980000000, ArchiveRelocationMode: 1.
Compressed class space mapped at: 0x000001f981000000-0x000001f9c1000000, reserved size: 1073741824
Narrow klass base: 0x000001f980000000, Narrow klass shift: 0, Narrow klass range: 0x41000000

GC Precious Log:
 CardTable entry size: 512
 Card Set container configuration: InlinePtr #cards 4 size 8 Array Of Cards #cards 16 size 48 Howl #buckets 8 coarsen threshold 3686 Howl Bitmap #cards 512 size 80 coarsen threshold 460 Card regions per heap region 1 cards per card region 4096
 CPUs: 16 total, 16 available
 Memory: 16088M
 Large Page Support: Disabled
 NUMA Support: Disabled
 Compressed Oops: Enabled (Zero based)
 Heap Region Size: 2M
 Heap Min Capacity: 8M
 Heap Initial Capacity: 252M
 Heap Max Capacity: 4024M
 Pre-touch: Disabled
 Parallel Workers: 13
 Concurrent Workers: 3
 Concurrent Refinement Workers: 13
 Periodic GC: Disabled

Heap:
 garbage-first heap   total reserved 4120576K, committed 57344K, used 24793K [0x0000000704800000, 0x0000000800000000)
  region size 2048K, 8 young (16384K), 1 survivors (2048K)
 Metaspace       used 21147K, committed 21568K, reserved 1114112K
  class space    used 3016K, committed 3200K, reserved 1048576K

Heap Regions: E=young(eden), S=young(survivor), O=old, HS=humongous(starts), HC=humongous(continues), CS=collection set, F=free, TAMS=top-at-mark-start, PB=parsable bottom
|   0|0x0000000704800000, 0x0000000704a00000, 0x0000000704a00000|100%| O|  |TAMS 0x0000000704800000| PB 0x0000000704800000| Untracked |  0
|   1|0x0000000704a00000, 0x0000000704c00000, 0x0000000704c00000|100%| O|  |TAMS 0x0000000704a00000| PB 0x0000000704a00000| Untracked |  0
|   2|0x0000000704c00000, 0x0000000704e00000, 0x0000000704e00000|100%|HS|  |TAMS 0x0000000704c00000| PB 0x0000000704c00000| Complete |  0
|   3|0x0000000704e00000, 0x0000000705000000, 0x0000000705000000|100%| O|  |TAMS 0x0000000704e00000| PB 0x0000000704e00000| Untracked |  0
|   4|0x0000000705000000, 0x0000000705200000, 0x0000000705200000|100%| O|  |TAMS 0x0000000705000000| PB 0x0000000705000000| Untracked |  0
|   5|0x0000000705200000, 0x0000000705400000, 0x0000000705400000|100%| O|  |TAMS 0x0000000705200000| PB 0x0000000705200000| Untracked |  0
|   6|0x0000000705400000, 0x00000007055a9a28, 0x0000000705600000| 83%| O|  |TAMS 0x0000000705400000| PB 0x0000000705400000| Untracked |  0
|   7|0x0000000705600000, 0x00000007056571e0, 0x0000000705800000| 17%| O|  |TAMS 0x0000000705600000| PB 0x0000000705600000| Untracked |  0
|   8|0x0000000705800000, 0x0000000705800000, 0x0000000705a00000|  0%| F|  |TAMS 0x0000000705800000| PB 0x0000000705800000| Untracked |  0
|   9|0x0000000705a00000, 0x0000000705a00000, 0x0000000705c00000|  0%| F|  |TAMS 0x0000000705a00000| PB 0x0000000705a00000| Untracked |  0
|  10|0x0000000705c00000, 0x0000000705c00000, 0x0000000705e00000|  0%| F|  |TAMS 0x0000000705c00000| PB 0x0000000705c00000| Untracked |  0
|  11|0x0000000705e00000, 0x0000000705e00000, 0x0000000706000000|  0%| F|  |TAMS 0x0000000705e00000| PB 0x0000000705e00000| Untracked |  0
|  12|0x0000000706000000, 0x0000000706035aa0, 0x0000000706200000| 10%| S|CS|TAMS 0x0000000706000000| PB 0x0000000706000000| Complete |  0
|  13|0x0000000706200000, 0x0000000706200000, 0x0000000706400000|  0%| F|  |TAMS 0x0000000706200000| PB 0x0000000706200000| Untracked |  0
|  14|0x0000000706400000, 0x0000000706400000, 0x0000000706600000|  0%| F|  |TAMS 0x0000000706400000| PB 0x0000000706400000| Untracked |  0
|  15|0x0000000706600000, 0x0000000706600000, 0x0000000706800000|  0%| F|  |TAMS 0x0000000706600000| PB 0x0000000706600000| Untracked |  0
|  16|0x0000000706800000, 0x0000000706800000, 0x0000000706a00000|  0%| F|  |TAMS 0x0000000706800000| PB 0x0000000706800000| Untracked |  0
|  17|0x0000000706a00000, 0x0000000706a00000, 0x0000000706c00000|  0%| F|  |TAMS 0x0000000706a00000| PB 0x0000000706a00000| Untracked |  0
|  18|0x0000000706c00000, 0x0000000706c00000, 0x0000000706e00000|  0%| F|  |TAMS 0x0000000706c00000| PB 0x0000000706c00000| Untracked |  0
|  19|0x0000000706e00000, 0x0000000706e00000, 0x0000000707000000|  0%| F|  |TAMS 0x0000000706e00000| PB 0x0000000706e00000| Untracked |  0
|  20|0x0000000707000000, 0x0000000707000000, 0x0000000707200000|  0%| F|  |TAMS 0x0000000707000000| PB 0x0000000707000000| Untracked |  0
|  21|0x0000000707200000, 0x00000007072e7610, 0x0000000707400000| 45%| E|  |TAMS 0x0000000707200000| PB 0x0000000707200000| Complete |  0
|  22|0x0000000707400000, 0x00000007075feed0, 0x0000000707600000| 99%| E|  |TAMS 0x0000000707400000| PB 0x0000000707400000| Complete |  0
|  23|0x0000000707600000, 0x0000000707800000, 0x0000000707800000|100%| E|CS|TAMS 0x0000000707600000| PB 0x0000000707600000| Complete |  0
|  24|0x0000000707800000, 0x0000000707a00000, 0x0000000707a00000|100%| E|CS|TAMS 0x0000000707800000| PB 0x0000000707800000| Complete |  0
|  25|0x0000000707a00000, 0x0000000707c00000, 0x0000000707c00000|100%| E|CS|TAMS 0x0000000707a00000| PB 0x0000000707a00000| Complete |  0
|  90|0x000000070fc00000, 0x000000070fe00000, 0x000000070fe00000|100%| E|CS|TAMS 0x000000070fc00000| PB 0x000000070fc00000| Complete |  0
| 125|0x0000000714200000, 0x0000000714400000, 0x0000000714400000|100%| E|CS|TAMS 0x0000000714200000| PB 0x0000000714200000| Complete |  0

Card table byte_map: [0x000001f9e5010000,0x000001f9e57f0000] _byte_map_base: 0x000001f9e17ec000

Marking Bits: (CMBitMap*) 0x000001f9cc8e7780
 Bits: [0x000001f9e57f0000, 0x000001f9e96d0000)

Polling page: 0x000001f9caa50000

Metaspace:

Usage:
  Non-class:     17.71 MB used.
      Class:      2.95 MB used.
       Both:     20.65 MB used.

Virtual space:
  Non-class space:       64.00 MB reserved,      17.94 MB ( 28%) committed,  1 nodes.
      Class space:        1.00 GB reserved,       3.12 MB ( <1%) committed,  1 nodes.
             Both:        1.06 GB reserved,      21.06 MB (  2%) committed. 

Chunk freelists:
   Non-Class:  13.78 MB
       Class:  12.87 MB
        Both:  26.66 MB

MaxMetaspaceSize: unlimited
CompressedClassSpaceSize: 1.00 GB
Initial GC threshold: 21.00 MB
Current GC threshold: 35.12 MB
CDS: on
 - commit_granule_bytes: 65536.
 - commit_granule_words: 8192.
 - virtual_space_node_default_size: 8388608.
 - enlarge_chunks_in_place: 1.
 - use_allocation_guard: 0.


Internal statistics:

num_allocs_failed_limit: 3.
num_arena_births: 416.
num_arena_deaths: 0.
num_vsnodes_births: 2.
num_vsnodes_deaths: 0.
num_space_committed: 337.
num_space_uncommitted: 0.
num_chunks_returned_to_freelist: 3.
num_chunks_taken_from_freelist: 1047.
num_chunk_merges: 0.
num_chunk_splits: 714.
num_chunks_enlarged: 514.
num_inconsistent_stats: 0.

CodeHeap 'non-profiled nmethods': size=119232Kb used=2354Kb max_used=2354Kb free=116877Kb
 bounds [0x000001f9dcb40000, 0x000001f9dcdb0000, 0x000001f9e3fb0000]
CodeHeap 'profiled nmethods': size=119104Kb used=8386Kb max_used=8386Kb free=110717Kb
 bounds [0x000001f9d4fb0000, 0x000001f9d57f0000, 0x000001f9dc400000]
CodeHeap 'non-nmethods': size=7424Kb used=1804Kb max_used=3529Kb free=5619Kb
 bounds [0x000001f9dc400000, 0x000001f9dc780000, 0x000001f9dcb40000]
CodeCache: size=245760Kb, used=12544Kb, max_used=14269Kb, free=233213Kb
 total_blobs=6180, nmethods=5337, adapters=746, full_count=0
Compilation: enabled, stopped_count=0, restarted_count=0

Compilation events (20 events):
Event: 99.440 Thread 0x000001f9ebbf9ab0 5329       4       java.io.ObjectOutputStream$HandleTable::<init> (45 bytes)
Event: 99.464 Thread 0x000001f9ebbf9ab0 nmethod 5329 0x000001f9dcd78788 code [0x000001f9dcd788e0, 0x000001f9dcd79270]
Event: 99.936 Thread 0x000001f9ebbf9ab0 5330       4       java.util.AbstractList::iterator (9 bytes)
Event: 99.938 Thread 0x000001f9ebbf9ab0 nmethod 5330 0x000001f9dcd79308 code [0x000001f9dcd79400, 0x000001f9dcd794f8]
Event: 100.158 Thread 0x000001f9f2b3f500 nmethod 5327 0x000001f9dcd79608 code [0x000001f9dcd79fe0, 0x000001f9dcd83dd8]
Event: 100.922 Thread 0x000001f9f2b3f500 5331       4       com.sun.crypto.provider.GaloisCounterMode$GCMEncrypt::getOutputSize (40 bytes)
Event: 100.924 Thread 0x000001f9f2b3f500 nmethod 5331 0x000001f9dcd84208 code [0x000001f9dcd84300, 0x000001f9dcd843e8]
Event: 101.769 Thread 0x000001f9ebbf9ab0 5332       4       com.sun.crypto.provider.GaloisCounterMode$GCMEncrypt::checkDataLength (57 bytes)
Event: 101.775 Thread 0x000001f9ebbf9ab0 nmethod 5332 0x000001f9dcd84508 code [0x000001f9dcd84620, 0x000001f9dcd847d8]
Event: 101.781 Thread 0x000001f9ebbf9ab0 5333   !   4       java.io.ObjectInputStream::readSerialData (502 bytes)
Event: 101.995 Thread 0x000001f9ebbf9ab0 nmethod 5333 0x000001f9dcd84808 code [0x000001f9dcd84be0, 0x000001f9dcd87f60]
Event: 102.001 Thread 0x000001f9ebbf9ab0 5334       4       java.util.ArrayList::toArray (57 bytes)
Event: 102.008 Thread 0x000001f9ebbf9ab0 nmethod 5334 0x000001f9dcd88208 code [0x000001f9dcd88320, 0x000001f9dcd88820]
Event: 102.146 Thread 0x000001f9ebbf9ab0 5335   !   4       java.io.ObjectInputStream::readSerialData (502 bytes)
Event: 102.355 Thread 0x000001f9ebbf9ab0 nmethod 5335 0x000001f9dcd88888 code [0x000001f9dcd88c60, 0x000001f9dcd8bfd8]
Event: 102.357 Thread 0x000001f9ebbf9ab0 5336       4       java.util.HashSet::size (8 bytes)
Event: 102.358 Thread 0x000001f9ebbf9ab0 nmethod 5336 0x000001f9dcd8c208 code [0x000001f9dcd8c300, 0x000001f9dcd8c390]
Event: 103.919 Thread 0x000001f9ebbf9ab0 5337       4       java.lang.reflect.AccessibleObject::slowVerifyAccess (67 bytes)
Event: 103.927 Thread 0x000001f9ebbf9ab0 nmethod 5337 0x000001f9dcd8c508 code [0x000001f9dcd8c640, 0x000001f9dcd8cad0]
Event: 104.067 Thread 0x000001f9ebbf9ab0 5338       4       java.io.BufferedInputStream::fill (204 bytes)

GC Heap History (20 events):
Event: 100.696 GC heap before
{Heap before GC invocations=38 (full 0):
 garbage-first heap   total reserved 4120576K, committed 57344K, used 43000K [0x0000000704800000, 0x0000000800000000)
  region size 2048K, 16 young (32768K), 1 survivors (2048K)
 Metaspace       used 21147K, committed 21568K, reserved 1114112K
  class space    used 3016K, committed 3200K, reserved 1048576K
}
Event: 100.698 GC heap after
{Heap after GC invocations=39 (full 0):
 garbage-first heap   total reserved 4120576K, committed 57344K, used 14471K [0x0000000704800000, 0x0000000800000000)
  region size 2048K, 1 young (2048K), 1 survivors (2048K)
 Metaspace       used 21147K, committed 21568K, reserved 1114112K
  class space    used 3016K, committed 3200K, reserved 1048576K
}
Event: 101.030 GC heap before
{Heap before GC invocations=39 (full 0):
 garbage-first heap   total reserved 4120576K, committed 57344K, used 43143K [0x0000000704800000, 0x0000000800000000)
  region size 2048K, 16 young (32768K), 1 survivors (2048K)
 Metaspace       used 21147K, committed 21568K, reserved 1114112K
  class space    used 3016K, committed 3200K, reserved 1048576K
}
Event: 101.032 GC heap after
{Heap after GC invocations=40 (full 0):
 garbage-first heap   total reserved 4120576K, committed 57344K, used 14417K [0x0000000704800000, 0x0000000800000000)
  region size 2048K, 1 young (2048K), 1 survivors (2048K)
 Metaspace       used 21147K, committed 21568K, reserved 1114112K
  class space    used 3016K, committed 3200K, reserved 1048576K
}
Event: 101.328 GC heap before
{Heap before GC invocations=40 (full 0):
 garbage-first heap   total reserved 4120576K, committed 57344K, used 43089K [0x0000000704800000, 0x0000000800000000)
  region size 2048K, 16 young (32768K), 1 survivors (2048K)
 Metaspace       used 21147K, committed 21568K, reserved 1114112K
  class space    used 3016K, committed 3200K, reserved 1048576K
}
Event: 101.329 GC heap after
{Heap after GC invocations=41 (full 0):
 garbage-first heap   total reserved 4120576K, committed 57344K, used 14491K [0x0000000704800000, 0x0000000800000000)
  region size 2048K, 1 young (2048K), 1 survivors (2048K)
 Metaspace       used 21147K, committed 21568K, reserved 1114112K
  class space    used 3016K, committed 3200K, reserved 1048576K
}
Event: 101.868 GC heap before
{Heap before GC invocations=41 (full 0):
 garbage-first heap   total reserved 4120576K, committed 57344K, used 43163K [0x0000000704800000, 0x0000000800000000)
  region size 2048K, 16 young (32768K), 1 survivors (2048K)
 Metaspace       used 21147K, committed 21568K, reserved 1114112K
  class space    used 3016K, committed 3200K, reserved 1048576K
}
Event: 101.870 GC heap after
{Heap after GC invocations=42 (full 0):
 garbage-first heap   total reserved 4120576K, committed 57344K, used 14372K [0x0000000704800000, 0x0000000800000000)
  region size 2048K, 1 young (2048K), 1 survivors (2048K)
 Metaspace       used 21147K, committed 21568K, reserved 1114112K
  class space    used 3016K, committed 3200K, reserved 1048576K
}
Event: 102.171 GC heap before
{Heap before GC invocations=42 (full 0):
 garbage-first heap   total reserved 4120576K, committed 57344K, used 43044K [0x0000000704800000, 0x0000000800000000)
  region size 2048K, 16 young (32768K), 1 survivors (2048K)
 Metaspace       used 21147K, committed 21568K, reserved 1114112K
  class space    used 3016K, committed 3200K, reserved 1048576K
}
Event: 102.173 GC heap after
{Heap after GC invocations=43 (full 0):
 garbage-first heap   total reserved 4120576K, committed 57344K, used 14505K [0x0000000704800000, 0x0000000800000000)
  region size 2048K, 1 young (2048K), 1 survivors (2048K)
 Metaspace       used 21147K, committed 21568K, reserved 1114112K
  class space    used 3016K, committed 3200K, reserved 1048576K
}
Event: 102.458 GC heap before
{Heap before GC invocations=43 (full 0):
 garbage-first heap   total reserved 4120576K, committed 57344K, used 43177K [0x0000000704800000, 0x0000000800000000)
  region size 2048K, 16 young (32768K), 1 survivors (2048K)
 Metaspace       used 21147K, committed 21568K, reserved 1114112K
  class space    used 3016K, committed 3200K, reserved 1048576K
}
Event: 102.460 GC heap after
{Heap after GC invocations=44 (full 0):
 garbage-first heap   total reserved 4120576K, committed 57344K, used 14448K [0x0000000704800000, 0x0000000800000000)
  region size 2048K, 1 young (2048K), 1 survivors (2048K)
 Metaspace       used 21147K, committed 21568K, reserved 1114112K
  class space    used 3016K, committed 3200K, reserved 1048576K
}
Event: 102.721 GC heap before
{Heap before GC invocations=44 (full 0):
 garbage-first heap   total reserved 4120576K, committed 57344K, used 43120K [0x0000000704800000, 0x0000000800000000)
  region size 2048K, 16 young (32768K), 1 survivors (2048K)
 Metaspace       used 21147K, committed 21568K, reserved 1114112K
  class space    used 3016K, committed 3200K, reserved 1048576K
}
Event: 102.723 GC heap after
{Heap after GC invocations=45 (full 0):
 garbage-first heap   total reserved 4120576K, committed 57344K, used 14530K [0x0000000704800000, 0x0000000800000000)
  region size 2048K, 1 young (2048K), 1 survivors (2048K)
 Metaspace       used 21147K, committed 21568K, reserved 1114112K
  class space    used 3016K, committed 3200K, reserved 1048576K
}
Event: 102.995 GC heap before
{Heap before GC invocations=45 (full 0):
 garbage-first heap   total reserved 4120576K, committed 57344K, used 43202K [0x0000000704800000, 0x0000000800000000)
  region size 2048K, 16 young (32768K), 1 survivors (2048K)
 Metaspace       used 21147K, committed 21568K, reserved 1114112K
  class space    used 3016K, committed 3200K, reserved 1048576K
}
Event: 102.997 GC heap after
{Heap after GC invocations=46 (full 0):
 garbage-first heap   total reserved 4120576K, committed 57344K, used 14405K [0x0000000704800000, 0x0000000800000000)
  region size 2048K, 1 young (2048K), 1 survivors (2048K)
 Metaspace       used 21147K, committed 21568K, reserved 1114112K
  class space    used 3016K, committed 3200K, reserved 1048576K
}
Event: 103.658 GC heap before
{Heap before GC invocations=46 (full 0):
 garbage-first heap   total reserved 4120576K, committed 57344K, used 43077K [0x0000000704800000, 0x0000000800000000)
  region size 2048K, 16 young (32768K), 1 survivors (2048K)
 Metaspace       used 21147K, committed 21568K, reserved 1114112K
  class space    used 3016K, committed 3200K, reserved 1048576K
}
Event: 103.660 GC heap after
{Heap after GC invocations=47 (full 0):
 garbage-first heap   total reserved 4120576K, committed 57344K, used 14545K [0x0000000704800000, 0x0000000800000000)
  region size 2048K, 1 young (2048K), 1 survivors (2048K)
 Metaspace       used 21147K, committed 21568K, reserved 1114112K
  class space    used 3016K, committed 3200K, reserved 1048576K
}
Event: 103.953 GC heap before
{Heap before GC invocations=47 (full 0):
 garbage-first heap   total reserved 4120576K, committed 57344K, used 43217K [0x0000000704800000, 0x0000000800000000)
  region size 2048K, 16 young (32768K), 1 survivors (2048K)
 Metaspace       used 21147K, committed 21568K, reserved 1114112K
  class space    used 3016K, committed 3200K, reserved 1048576K
}
Event: 103.955 GC heap after
{Heap after GC invocations=48 (full 0):
 garbage-first heap   total reserved 4120576K, committed 57344K, used 14553K [0x0000000704800000, 0x0000000800000000)
  region size 2048K, 1 young (2048K), 1 survivors (2048K)
 Metaspace       used 21147K, committed 21568K, reserved 1114112K
  class space    used 3016K, committed 3200K, reserved 1048576K
}

Dll operation events (20 events):
Event: 0.375 Loaded shared library C:\Users\USER\.openjfx\cache\21+31\amd64\api-ms-win-crt-math-l1-1-0.dll
Event: 0.377 Loaded shared library C:\Users\USER\.openjfx\cache\21+31\amd64\api-ms-win-crt-multibyte-l1-1-0.dll
Event: 0.380 Loaded shared library C:\Users\USER\.openjfx\cache\21+31\amd64\api-ms-win-crt-private-l1-1-0.dll
Event: 0.383 Loaded shared library C:\Users\USER\.openjfx\cache\21+31\amd64\api-ms-win-crt-process-l1-1-0.dll
Event: 0.386 Loaded shared library C:\Users\USER\.openjfx\cache\21+31\amd64\api-ms-win-crt-runtime-l1-1-0.dll
Event: 0.388 Loaded shared library C:\Users\USER\.openjfx\cache\21+31\amd64\api-ms-win-crt-stdio-l1-1-0.dll
Event: 0.391 Loaded shared library C:\Users\USER\.openjfx\cache\21+31\amd64\api-ms-win-crt-string-l1-1-0.dll
Event: 0.394 Loaded shared library C:\Users\USER\.openjfx\cache\21+31\amd64\api-ms-win-crt-time-l1-1-0.dll
Event: 0.396 Loaded shared library C:\Users\USER\.openjfx\cache\21+31\amd64\api-ms-win-crt-utility-l1-1-0.dll
Event: 0.412 Loaded shared library C:\Users\USER\.openjfx\cache\21+31\amd64\ucrtbase.dll
Event: 0.416 Loaded shared library C:\Users\USER\.openjfx\cache\21+31\amd64\vcruntime140.dll
Event: 0.419 Loaded shared library C:\Users\USER\.openjfx\cache\21+31\amd64\vcruntime140_1.dll
Event: 0.429 Loaded shared library C:\Users\USER\.openjfx\cache\21+31\amd64\msvcp140.dll
Event: 0.433 Loaded shared library C:\Users\USER\.openjfx\cache\21+31\amd64\msvcp140_1.dll
Event: 0.440 Loaded shared library C:\Users\USER\.openjfx\cache\21+31\amd64\msvcp140_2.dll
Event: 0.500 Loaded shared library C:\Users\USER\.openjfx\cache\21+31\amd64\prism_d3d.dll
Event: 0.606 Loaded shared library C:\Users\USER\.openjfx\cache\21+31\amd64\glass.dll
Event: 0.789 Loaded shared library C:\Program Files\Java\jdk-23\bin\jimage.dll
Event: 0.997 Loaded shared library C:\Users\USER\.openjfx\cache\21+31\amd64\javafx_font.dll
Event: 32.105 Loaded shared library C:\Program Files\Java\jdk-23\bin\extnet.dll

Deoptimization events (20 events):
Event: 84.266 Thread 0x000001f9c6a79700 Uncommon trap: trap_request=0xffffffbe fr.pc=0x000001f9dccf3294 relative=0x00000000000002f4
Event: 84.266 Thread 0x000001f9c6a79700 Uncommon trap: reason=profile_predicate action=maybe_recompile pc=0x000001f9dccf3294 method=sun.security.provider.HashDrbg.addBytes([BI[[B)V @ 36 c2
Event: 84.266 Thread 0x000001f9c6a79700 DEOPT PACKING pc=0x000001f9dccf3294 sp=0x0000002fd3bfecf0
Event: 84.266 Thread 0x000001f9c6a79700 DEOPT UNPACKING pc=0x000001f9dc454402 sp=0x0000002fd3bfec40 mode 2
Event: 92.064 Thread 0x000001f9c6a79700 Uncommon trap: trap_request=0xffffff45 fr.pc=0x000001f9dcd3a6fc relative=0x00000000000018fc
Event: 92.064 Thread 0x000001f9c6a79700 Uncommon trap: reason=unstable_if action=reinterpret pc=0x000001f9dcd3a6fc method=com.sun.crypto.provider.GHASH.update([BII)I @ 1 c2
Event: 92.064 Thread 0x000001f9c6a79700 DEOPT PACKING pc=0x000001f9dcd3a6fc sp=0x0000002fd3bff110
Event: 92.064 Thread 0x000001f9c6a79700 DEOPT UNPACKING pc=0x000001f9dc454402 sp=0x0000002fd3bfeea0 mode 2
Event: 92.064 Thread 0x000001f9c6a79700 Uncommon trap: trap_request=0xffffff45 fr.pc=0x000001f9dcd2b584 relative=0x0000000000000884
Event: 92.064 Thread 0x000001f9c6a79700 Uncommon trap: reason=unstable_if action=reinterpret pc=0x000001f9dcd2b584 method=com.sun.crypto.provider.GCTR.update([BII[BI)I @ 1 c2
Event: 92.064 Thread 0x000001f9c6a79700 DEOPT PACKING pc=0x000001f9dcd2b584 sp=0x0000002fd3bfeef0
Event: 92.065 Thread 0x000001f9c6a79700 DEOPT UNPACKING pc=0x000001f9dc454402 sp=0x0000002fd3bfee50 mode 2
Event: 98.396 Thread 0x000001f9c6a79700 Uncommon trap: trap_request=0xffffff45 fr.pc=0x000001f9dcd71e68 relative=0x0000000000006e08
Event: 98.396 Thread 0x000001f9c6a79700 Uncommon trap: reason=unstable_if action=reinterpret pc=0x000001f9dcd71e68 method=sun.security.provider.AbstractDrbg.engineNextBytes([BLjava/security/SecureRandomParameters;)V @ 33 c2
Event: 98.397 Thread 0x000001f9c6a79700 DEOPT PACKING pc=0x000001f9dcd71e68 sp=0x0000002fd3bfec20
Event: 98.397 Thread 0x000001f9c6a79700 DEOPT UNPACKING pc=0x000001f9dc454402 sp=0x0000002fd3bfebf0 mode 2
Event: 101.996 Thread 0x000001f9c6a79700 Uncommon trap: trap_request=0xffffffcc fr.pc=0x000001f9dcd87684 relative=0x0000000000002aa4
Event: 102.001 Thread 0x000001f9c6a79700 Uncommon trap: reason=intrinsic_or_type_checked_inlining action=make_not_entrant pc=0x000001f9dcd87684 method=java.util.ArrayList.toArray([Ljava/lang/Object;)[Ljava/lang/Object; @ 36 c2
Event: 102.001 Thread 0x000001f9c6a79700 DEOPT PACKING pc=0x000001f9dcd87684 sp=0x0000002fd3bfefd0
Event: 102.001 Thread 0x000001f9c6a79700 DEOPT UNPACKING pc=0x000001f9dc454402 sp=0x0000002fd3bfee18 mode 2

Classes loaded (20 events):
Event: 43.184 Loading class jdk/internal/icu/impl/UCharacterProperty$IntProperty
Event: 43.184 Loading class jdk/internal/icu/impl/UCharacterProperty$IntProperty done
Event: 43.184 Loading class jdk/internal/icu/impl/UCharacterProperty$BiDiIntProperty done
Event: 43.184 Loading class jdk/internal/icu/impl/UCharacterProperty$1 done
Event: 43.184 Loading class jdk/internal/icu/impl/UCharacterProperty$IsAcceptable
Event: 43.185 Loading class jdk/internal/icu/impl/UCharacterProperty$IsAcceptable done
Event: 43.185 Loading class jdk/internal/icu/util/VersionInfo
Event: 43.185 Loading class jdk/internal/icu/util/VersionInfo done
Event: 43.204 Loading class java/lang/CharacterData01
Event: 43.205 Loading class java/lang/CharacterData01 done
Event: 61.838 Loading class java/util/UUID
Event: 61.838 Loading class java/util/UUID done
Event: 61.838 Loading class java/util/UUID$Holder
Event: 61.838 Loading class java/util/UUID$Holder done
Event: 61.839 Loading class jdk/internal/util/HexDigits
Event: 61.839 Loading class jdk/internal/util/HexDigits done
Event: 61.839 Loading class jdk/internal/util/ByteArrayLittleEndian
Event: 61.839 Loading class jdk/internal/util/ByteArrayLittleEndian done
Event: 97.471 Loading class java/security/AlgorithmParameters
Event: 97.471 Loading class java/security/AlgorithmParameters done

Classes unloaded (0 events):
No events

Classes redefined (0 events):
No events

Internal exceptions (20 events):
Event: 1.774 Thread 0x000001f9c6271df0 Exception <a 'java/lang/NoSuchMethodError'{0x00000007131356a0}: 'java.lang.Object java.lang.invoke.DirectMethodHandle$Holder.newInvokeSpecial(java.lang.Object, java.lang.Object, long)'> (0x00000007131356a0) 
thrown [s\open\src\hotspot\share\interpreter\linkResolver.cpp, line 796]
Event: 1.775 Thread 0x000001f9c6271df0 Exception <a 'java/lang/NoSuchMethodError'{0x0000000713139000}: 'java.lang.Object java.lang.invoke.Invokers$Holder.linkToTargetMethod(java.lang.Object, long, java.lang.Object)'> (0x0000000713139000) 
thrown [s\open\src\hotspot\share\interpreter\linkResolver.cpp, line 796]
Event: 1.781 Thread 0x000001f9c5c3cb60 Exception <a 'java/lang/NoSuchMethodError'{0x000000071312f018}: 'java.lang.Object java.lang.invoke.Invokers$Holder.invokeExact_MT(java.lang.Object, java.lang.Object, java.lang.Object, java.lang.Object, java.lang.Object)'> (0x000000071312f018) 
thrown [s\open\src\hotspot\share\interpreter\linkResolver.cpp, line 796]
Event: 32.154 Thread 0x000001f9c6a789e0 Exception <a 'sun/nio/fs/WindowsException'{0x0000000712896160}> (0x0000000712896160) 
thrown [s\open\src\hotspot\share\prims\jni.cpp, line 520]
Event: 32.183 Thread 0x000001f9c6a789e0 Exception <a 'java/lang/NoSuchMethodError'{0x00000007128b6a80}: 'java.lang.Object java.lang.invoke.DirectMethodHandle$Holder.invokeStaticInit(java.lang.Object, int, int, int, int)'> (0x00000007128b6a80) 
thrown [s\open\src\hotspot\share\interpreter\linkResolver.cpp, line 796]
Event: 32.202 Thread 0x000001f9c6a789e0 Exception <a 'java/lang/NoSuchMethodError'{0x00000007128e5890}: 'java.lang.Object java.lang.invoke.DirectMethodHandle$Holder.invokeStaticInit(java.lang.Object, java.lang.Object, int, int, int, int)'> (0x00000007128e5890) 
thrown [s\open\src\hotspot\share\interpreter\linkResolver.cpp, line 796]
Event: 33.223 Thread 0x000001f9c6a789e0 Exception <a 'java/lang/NoSuchMethodError'{0x00000007128ff0f0}: 'long java.lang.invoke.DirectMethodHandle$Holder.invokeSpecial(java.lang.Object, java.lang.Object)'> (0x00000007128ff0f0) 
thrown [s\open\src\hotspot\share\interpreter\linkResolver.cpp, line 796]
Event: 33.224 Thread 0x000001f9c6a789e0 Exception <a 'java/lang/NoSuchMethodError'{0x0000000712902520}: 'long java.lang.invoke.Invokers$Holder.invokeExact_MT(java.lang.Object, java.lang.Object)'> (0x0000000712902520) 
thrown [s\open\src\hotspot\share\interpreter\linkResolver.cpp, line 796]
Event: 33.229 Thread 0x000001f9c6a789e0 Exception <a 'java/lang/NoSuchMethodError'{0x0000000712940460}: static [B.<clinit>()V> (0x0000000712940460) 
thrown [s\open\src\hotspot\share\prims\jni.cpp, line 1111]
Event: 33.250 Thread 0x000001f9c6a789e0 Exception <a 'java/lang/NoSuchMethodError'{0x000000071294c248}: 'java.lang.Object java.lang.invoke.DirectMethodHandle$Holder.newInvokeSpecial(java.lang.Object, java.lang.Object, int, java.lang.Object, java.lang.Object)'> (0x000000071294c248) 
thrown [s\open\src\hotspot\share\interpreter\linkResolver.cpp, line 796]
Event: 33.250 Thread 0x000001f9c6a789e0 Exception <a 'java/lang/NoSuchMethodError'{0x000000071294fc08}: 'java.lang.Object java.lang.invoke.DirectMethodHandle$Holder.invokeSpecial(java.lang.Object, java.lang.Object, java.lang.Object, int, java.lang.Object, java.lang.Object)'> (0x000000071294fc08) 
thrown [s\open\src\hotspot\share\interpreter\linkResolver.cpp, line 796]
Event: 33.314 Thread 0x000001f9c6271df0 Exception <a 'java/io/FileNotFoundException'{0x0000000712367658}> (0x0000000712367658) 
thrown [s\open\src\hotspot\share\prims\jni.cpp, line 520]
Event: 33.358 Thread 0x000001f9c6271df0 Exception <a 'java/io/FileNotFoundException'{0x0000000712032a18}> (0x0000000712032a18) 
thrown [s\open\src\hotspot\share\prims\jni.cpp, line 520]
Event: 43.122 Thread 0x000001f9c6271df0 Exception <a 'java/lang/NoSuchMethodError'{0x000000071153d3a0}: 'java.lang.Object java.lang.invoke.DirectMethodHandle$Holder.newInvokeSpecial(java.lang.Object, java.lang.Object, java.lang.Object, int)'> (0x000000071153d3a0) 
thrown [s\open\src\hotspot\share\interpreter\linkResolver.cpp, line 796]
Event: 43.123 Thread 0x000001f9c6271df0 Exception <a 'java/lang/NoSuchMethodError'{0x0000000711541508}: 'java.lang.Object java.lang.invoke.DirectMethodHandle$Holder.invokeSpecial(java.lang.Object, java.lang.Object, java.lang.Object, java.lang.Object, int)'> (0x0000000711541508) 
thrown [s\open\src\hotspot\share\interpreter\linkResolver.cpp, line 796]
Event: 43.124 Thread 0x000001f9c6271df0 Exception <a 'java/lang/NoSuchMethodError'{0x0000000711544c58}: 'java.lang.Object java.lang.invoke.Invokers$Holder.linkToTargetMethod(java.lang.Object, java.lang.Object, int, java.lang.Object)'> (0x0000000711544c58) 
thrown [s\open\src\hotspot\share\interpreter\linkResolver.cpp, line 796]
Event: 43.193 Thread 0x000001f9c6271df0 Exception <a 'java/io/FileNotFoundException'{0x0000000711382bb0}> (0x0000000711382bb0) 
thrown [s\open\src\hotspot\share\prims\jni.cpp, line 520]
Event: 43.193 Thread 0x000001f9c6271df0 Exception <a 'java/io/FileNotFoundException'{0x0000000711383f50}> (0x0000000711383f50) 
thrown [s\open\src\hotspot\share\prims\jni.cpp, line 520]
Event: 43.196 Thread 0x000001f9c6271df0 Exception <a 'java/io/FileNotFoundException'{0x00000007113a47b8}> (0x00000007113a47b8) 
thrown [s\open\src\hotspot\share\prims\jni.cpp, line 520]
Event: 43.196 Thread 0x000001f9c6271df0 Exception <a 'java/io/FileNotFoundException'{0x00000007113a5b58}> (0x00000007113a5b58) 
thrown [s\open\src\hotspot\share\prims\jni.cpp, line 520]

VM Operations (20 events):
Event: 100.696 Executing VM operation: G1CollectForAllocation (G1 Evacuation Pause)
Event: 100.698 Executing VM operation: G1CollectForAllocation (G1 Evacuation Pause) done
Event: 101.030 Executing VM operation: G1CollectForAllocation (G1 Evacuation Pause)
Event: 101.032 Executing VM operation: G1CollectForAllocation (G1 Evacuation Pause) done
Event: 101.327 Executing VM operation: G1CollectForAllocation (G1 Evacuation Pause)
Event: 101.329 Executing VM operation: G1CollectForAllocation (G1 Evacuation Pause) done
Event: 101.868 Executing VM operation: G1CollectForAllocation (G1 Evacuation Pause)
Event: 101.870 Executing VM operation: G1CollectForAllocation (G1 Evacuation Pause) done
Event: 102.171 Executing VM operation: G1CollectForAllocation (G1 Evacuation Pause)
Event: 102.173 Executing VM operation: G1CollectForAllocation (G1 Evacuation Pause) done
Event: 102.458 Executing VM operation: G1CollectForAllocation (G1 Evacuation Pause)
Event: 102.460 Executing VM operation: G1CollectForAllocation (G1 Evacuation Pause) done
Event: 102.721 Executing VM operation: G1CollectForAllocation (G1 Evacuation Pause)
Event: 102.723 Executing VM operation: G1CollectForAllocation (G1 Evacuation Pause) done
Event: 102.995 Executing VM operation: G1CollectForAllocation (G1 Evacuation Pause)
Event: 102.997 Executing VM operation: G1CollectForAllocation (G1 Evacuation Pause) done
Event: 103.658 Executing VM operation: G1CollectForAllocation (G1 Evacuation Pause)
Event: 103.660 Executing VM operation: G1CollectForAllocation (G1 Evacuation Pause) done
Event: 103.953 Executing VM operation: G1CollectForAllocation (G1 Evacuation Pause)
Event: 103.955 Executing VM operation: G1CollectForAllocation (G1 Evacuation Pause) done

Memory protections (0 events):
No events

Nmethod flushes (0 events):
No events

Events (20 events):
Event: 79.453 Thread 0x000001f9c5026100 Thread added: 0x000001f9f30003e0
Event: 79.459 Thread 0x000001f9ebbf9ab0 Thread added: 0x000001f9c531dc10
Event: 79.459 Thread 0x000001f9ebbf9ab0 Thread added: 0x000001f9c6c17360
Event: 79.660 Thread 0x000001f9c531dc10 Thread exited: 0x000001f9c531dc10
Event: 79.660 Thread 0x000001f9f30003e0 Thread exited: 0x000001f9f30003e0
Event: 84.709 Thread 0x000001f9c6c17360 Thread exited: 0x000001f9c6c17360
Event: 84.788 Thread 0x000001f9c5026100 Thread added: 0x000001f9f2edc970
Event: 84.788 Thread 0x000001f9c5026100 Thread added: 0x000001f9f2ede040
Event: 84.788 Thread 0x000001f9c5026100 Thread added: 0x000001f9f2ede700
Event: 86.745 Thread 0x000001f9f2ede700 Thread exited: 0x000001f9f2ede700
Event: 86.760 Thread 0x000001f9f2ede040 Thread exited: 0x000001f9f2ede040
Event: 86.926 Thread 0x000001f9f2edc970 Thread exited: 0x000001f9f2edc970
Event: 90.056 Thread 0x000001f9ebbf9ab0 Thread added: 0x000001f9c6dc17f0
Event: 90.688 Thread 0x000001f9c6dc17f0 Thread exited: 0x000001f9c6dc17f0
Event: 91.952 Thread 0x000001f9ebbf9ab0 Thread added: 0x000001f9c70bf910
Event: 92.145 Thread 0x000001f9c70bf910 Thread exited: 0x000001f9c70bf910
Event: 97.472 Thread 0x000001f9ebbf9ab0 Thread added: 0x000001f9f2b3f500
Event: 97.473 Thread 0x000001f9ebbf9ab0 Thread added: 0x000001f9f2b3fbc0
Event: 98.536 Thread 0x000001f9f2b3fbc0 Thread exited: 0x000001f9f2b3fbc0
Event: 101.769 Thread 0x000001f9f2b3f500 Thread exited: 0x000001f9f2b3f500


Dynamic libraries:
0x00007ff70cdf0000 - 0x00007ff70ce00000 	C:\Program Files\Java\jdk-23\bin\java.exe
0x00007ffb2a280000 - 0x00007ffb2a4e7000 	C:\WINDOWS\SYSTEM32\ntdll.dll
0x00007ffb29710000 - 0x00007ffb297d9000 	C:\WINDOWS\System32\KERNEL32.DLL
0x00007ffb27aa0000 - 0x00007ffb27e91000 	C:\WINDOWS\System32\KERNELBASE.dll
0x00007ffb27680000 - 0x00007ffb277cb000 	C:\WINDOWS\System32\ucrtbase.dll
0x00007ffb1c730000 - 0x00007ffb1c747000 	C:\Program Files\Java\jdk-23\bin\jli.dll
0x00007ffb20500000 - 0x00007ffb2051b000 	C:\Program Files\Java\jdk-23\bin\VCRUNTIME140.dll
0x00007ffb29350000 - 0x00007ffb29515000 	C:\WINDOWS\System32\USER32.dll
0x00007ffb27900000 - 0x00007ffb27927000 	C:\WINDOWS\System32\win32u.dll
0x00007ffb08560000 - 0x00007ffb087f3000 	C:\WINDOWS\WinSxS\amd64_microsoft.windows.common-controls_6595b64144ccf1df_6.0.26100.7344_none_3e0a71fae332857b\COMCTL32.dll
0x00007ffb2a180000 - 0x00007ffb2a1ab000 	C:\WINDOWS\System32\GDI32.dll
0x00007ffb29990000 - 0x00007ffb29a39000 	C:\WINDOWS\System32\msvcrt.dll
0x00007ffb277d0000 - 0x00007ffb278fb000 	C:\WINDOWS\System32\gdi32full.dll
0x00007ffb275d0000 - 0x00007ffb27673000 	C:\WINDOWS\System32\msvcp_win.dll
0x00007ffb284b0000 - 0x00007ffb284e1000 	C:\WINDOWS\System32\IMM32.DLL
0x00007ffb23b00000 - 0x00007ffb23b0c000 	C:\Program Files\Java\jdk-23\bin\vcruntime140_1.dll
0x00007ffb1c2d0000 - 0x00007ffb1c35e000 	C:\Program Files\Java\jdk-23\bin\msvcp140.dll
0x00007ffa7b860000 - 0x00007ffa7c5af000 	C:\Program Files\Java\jdk-23\bin\server\jvm.dll
0x00007ffb2a0c0000 - 0x00007ffb2a174000 	C:\WINDOWS\System32\ADVAPI32.dll
0x00007ffb29820000 - 0x00007ffb298c6000 	C:\WINDOWS\System32\sechost.dll
0x00007ffb28f20000 - 0x00007ffb29038000 	C:\WINDOWS\System32\RPCRT4.dll
0x00007ffb2a1c0000 - 0x00007ffb2a234000 	C:\WINDOWS\System32\WS2_32.dll
0x00007ffb27250000 - 0x00007ffb272ae000 	C:\WINDOWS\SYSTEM32\POWRPROF.dll
0x00007ffb1d6c0000 - 0x00007ffb1d6f5000 	C:\WINDOWS\SYSTEM32\WINMM.dll
0x00007ffb08850000 - 0x00007ffb0885b000 	C:\WINDOWS\SYSTEM32\VERSION.dll
0x00007ffb27230000 - 0x00007ffb27244000 	C:\WINDOWS\SYSTEM32\UMPDC.dll
0x00007ffb26140000 - 0x00007ffb2615b000 	C:\WINDOWS\SYSTEM32\kernel.appcore.dll
0x00007ffb23a20000 - 0x00007ffb23a2a000 	C:\Program Files\Java\jdk-23\bin\jimage.dll
0x00007ffb24a60000 - 0x00007ffb24ca2000 	C:\WINDOWS\SYSTEM32\DBGHELP.DLL
0x00007ffb29ad0000 - 0x00007ffb29e54000 	C:\WINDOWS\System32\combase.dll
0x00007ffb28ca0000 - 0x00007ffb28d77000 	C:\WINDOWS\System32\OLEAUT32.dll
0x00007ffb010f0000 - 0x00007ffb0112b000 	C:\WINDOWS\SYSTEM32\dbgcore.DLL
0x00007ffb27490000 - 0x00007ffb27535000 	C:\WINDOWS\System32\bcryptPrimitives.dll
0x00007ffb1c610000 - 0x00007ffb1c62e000 	C:\Program Files\Java\jdk-23\bin\java.dll
0x00007ffb28d80000 - 0x00007ffb28f17000 	C:\WINDOWS\System32\ole32.dll
0x00007ffb28540000 - 0x00007ffb28c8f000 	C:\WINDOWS\System32\SHELL32.dll
0x00007ffb27930000 - 0x00007ffb27a9a000 	C:\WINDOWS\System32\wintypes.dll
0x00007ffb24fa0000 - 0x00007ffb25802000 	C:\WINDOWS\SYSTEM32\windows.storage.dll
0x00007ffb290c0000 - 0x00007ffb291b6000 	C:\WINDOWS\System32\SHCORE.dll
0x00007ffb29040000 - 0x00007ffb290a7000 	C:\WINDOWS\System32\shlwapi.dll
0x00007ffb272f0000 - 0x00007ffb27318000 	C:\WINDOWS\SYSTEM32\profapi.dll
0x00007ffaee960000 - 0x00007ffaeea37000 	C:\Program Files\Java\jdk-23\bin\jsvml.dll
0x00007ffb1cef0000 - 0x00007ffb1cf00000 	C:\Program Files\Java\jdk-23\bin\net.dll
0x00007ffb26690000 - 0x00007ffb266fb000 	C:\WINDOWS\system32\mswsock.dll
0x00007ffb1c5a0000 - 0x00007ffb1c5b6000 	C:\Program Files\Java\jdk-23\bin\nio.dll
0x00007ffb1c580000 - 0x00007ffb1c597000 	C:\Program Files\Java\jdk-23\bin\zip.dll
0x000001f9c5e70000 - 0x000001f9c5e73000 	C:\Users\USER\.openjfx\cache\21+31\amd64\api-ms-win-core-console-l1-1-0.dll
0x000001f9c5e80000 - 0x000001f9c5e83000 	C:\Users\USER\.openjfx\cache\21+31\amd64\api-ms-win-core-console-l1-2-0.dll
0x000001f9c5e90000 - 0x000001f9c5e93000 	C:\Users\USER\.openjfx\cache\21+31\amd64\api-ms-win-core-datetime-l1-1-0.dll
0x000001f9c5ea0000 - 0x000001f9c5ea3000 	C:\Users\USER\.openjfx\cache\21+31\amd64\api-ms-win-core-debug-l1-1-0.dll
0x000001f9c5eb0000 - 0x000001f9c5eb3000 	C:\Users\USER\.openjfx\cache\21+31\amd64\api-ms-win-core-errorhandling-l1-1-0.dll
0x000001f9c5ec0000 - 0x000001f9c5ec4000 	C:\Users\USER\.openjfx\cache\21+31\amd64\api-ms-win-core-file-l1-1-0.dll
0x000001f9c5ed0000 - 0x000001f9c5ed3000 	C:\Users\USER\.openjfx\cache\21+31\amd64\api-ms-win-core-file-l1-2-0.dll
0x000001f9c5ee0000 - 0x000001f9c5ee3000 	C:\Users\USER\.openjfx\cache\21+31\amd64\api-ms-win-core-file-l2-1-0.dll
0x000001f9c5ef0000 - 0x000001f9c5ef3000 	C:\Users\USER\.openjfx\cache\21+31\amd64\api-ms-win-core-handle-l1-1-0.dll
0x000001f9c5f00000 - 0x000001f9c5f03000 	C:\Users\USER\.openjfx\cache\21+31\amd64\api-ms-win-core-heap-l1-1-0.dll
0x000001f9c5f10000 - 0x000001f9c5f13000 	C:\Users\USER\.openjfx\cache\21+31\amd64\api-ms-win-core-interlocked-l1-1-0.dll
0x000001f9c5f20000 - 0x000001f9c5f23000 	C:\Users\USER\.openjfx\cache\21+31\amd64\api-ms-win-core-libraryloader-l1-1-0.dll
0x000001f9c5f30000 - 0x000001f9c5f33000 	C:\Users\USER\.openjfx\cache\21+31\amd64\api-ms-win-core-localization-l1-2-0.dll
0x000001f9c5f40000 - 0x000001f9c5f43000 	C:\Users\USER\.openjfx\cache\21+31\amd64\api-ms-win-core-memory-l1-1-0.dll
0x000001f9c5f50000 - 0x000001f9c5f53000 	C:\Users\USER\.openjfx\cache\21+31\amd64\api-ms-win-core-namedpipe-l1-1-0.dll
0x000001f9c5f60000 - 0x000001f9c5f63000 	C:\Users\USER\.openjfx\cache\21+31\amd64\api-ms-win-core-processenvironment-l1-1-0.dll
0x000001f9c5f70000 - 0x000001f9c5f73000 	C:\Users\USER\.openjfx\cache\21+31\amd64\api-ms-win-core-processthreads-l1-1-0.dll
0x000001f9c5f80000 - 0x000001f9c5f83000 	C:\Users\USER\.openjfx\cache\21+31\amd64\api-ms-win-core-processthreads-l1-1-1.dll
0x000001f9c5f90000 - 0x000001f9c5f93000 	C:\Users\USER\.openjfx\cache\21+31\amd64\api-ms-win-core-profile-l1-1-0.dll
0x000001f9c5fa0000 - 0x000001f9c5fa3000 	C:\Users\USER\.openjfx\cache\21+31\amd64\api-ms-win-core-rtlsupport-l1-1-0.dll
0x000001f9c5fb0000 - 0x000001f9c5fb3000 	C:\Users\USER\.openjfx\cache\21+31\amd64\api-ms-win-core-string-l1-1-0.dll
0x000001f9c5fc0000 - 0x000001f9c5fc3000 	C:\Users\USER\.openjfx\cache\21+31\amd64\api-ms-win-core-synch-l1-1-0.dll
0x000001f9c5fd0000 - 0x000001f9c5fd3000 	C:\Users\USER\.openjfx\cache\21+31\amd64\api-ms-win-core-synch-l1-2-0.dll
0x000001f9c5fe0000 - 0x000001f9c5fe3000 	C:\Users\USER\.openjfx\cache\21+31\amd64\api-ms-win-core-sysinfo-l1-1-0.dll
0x000001f9c5ff0000 - 0x000001f9c5ff3000 	C:\Users\USER\.openjfx\cache\21+31\amd64\api-ms-win-core-timezone-l1-1-0.dll
0x000001f9c6000000 - 0x000001f9c6003000 	C:\Users\USER\.openjfx\cache\21+31\amd64\api-ms-win-core-util-l1-1-0.dll
0x000001f9c6010000 - 0x000001f9c6013000 	C:\Users\USER\.openjfx\cache\21+31\amd64\api-ms-win-crt-conio-l1-1-0.dll
0x000001f9c6020000 - 0x000001f9c6024000 	C:\Users\USER\.openjfx\cache\21+31\amd64\api-ms-win-crt-convert-l1-1-0.dll
0x000001f9c6030000 - 0x000001f9c6033000 	C:\Users\USER\.openjfx\cache\21+31\amd64\api-ms-win-crt-environment-l1-1-0.dll
0x000001f9c6040000 - 0x000001f9c6043000 	C:\Users\USER\.openjfx\cache\21+31\amd64\api-ms-win-crt-filesystem-l1-1-0.dll
0x000001f9c6050000 - 0x000001f9c6053000 	C:\Users\USER\.openjfx\cache\21+31\amd64\api-ms-win-crt-heap-l1-1-0.dll
0x000001f9c6060000 - 0x000001f9c6063000 	C:\Users\USER\.openjfx\cache\21+31\amd64\api-ms-win-crt-locale-l1-1-0.dll
0x000001f9c6070000 - 0x000001f9c6075000 	C:\Users\USER\.openjfx\cache\21+31\amd64\api-ms-win-crt-math-l1-1-0.dll
0x000001f9c6080000 - 0x000001f9c6085000 	C:\Users\USER\.openjfx\cache\21+31\amd64\api-ms-win-crt-multibyte-l1-1-0.dll
0x000001f9c6090000 - 0x000001f9c60a0000 	C:\Users\USER\.openjfx\cache\21+31\amd64\api-ms-win-crt-private-l1-1-0.dll
0x000001f9c60a0000 - 0x000001f9c60a3000 	C:\Users\USER\.openjfx\cache\21+31\amd64\api-ms-win-crt-process-l1-1-0.dll
0x000001f9c60b0000 - 0x000001f9c60b4000 	C:\Users\USER\.openjfx\cache\21+31\amd64\api-ms-win-crt-runtime-l1-1-0.dll
0x000001f9c60c0000 - 0x000001f9c60c4000 	C:\Users\USER\.openjfx\cache\21+31\amd64\api-ms-win-crt-stdio-l1-1-0.dll
0x000001f9c60d0000 - 0x000001f9c60d4000 	C:\Users\USER\.openjfx\cache\21+31\amd64\api-ms-win-crt-string-l1-1-0.dll
0x000001f9c60e0000 - 0x000001f9c60e3000 	C:\Users\USER\.openjfx\cache\21+31\amd64\api-ms-win-crt-time-l1-1-0.dll
0x000001f9c60f0000 - 0x000001f9c60f3000 	C:\Users\USER\.openjfx\cache\21+31\amd64\api-ms-win-crt-utility-l1-1-0.dll
0x00007ffade8b0000 - 0x00007ffade9ac000 	C:\Users\USER\.openjfx\cache\21+31\amd64\ucrtbase.dll
0x00007ffb1c530000 - 0x00007ffb1c54b000 	C:\Users\USER\.openjfx\cache\21+31\amd64\vcruntime140.dll
0x00007ffb1c600000 - 0x00007ffb1c60c000 	C:\Users\USER\.openjfx\cache\21+31\amd64\vcruntime140_1.dll
0x00007ffaee8d0000 - 0x00007ffaee95e000 	C:\Users\USER\.openjfx\cache\21+31\amd64\msvcp140.dll
0x00007ffb1c490000 - 0x00007ffb1c499000 	C:\Users\USER\.openjfx\cache\21+31\amd64\msvcp140_1.dll
0x00007ffb1c2a0000 - 0x00007ffb1c2cf000 	C:\Users\USER\.openjfx\cache\21+31\amd64\msvcp140_2.dll
0x00007ffb1c270000 - 0x00007ffb1c29f000 	C:\Users\USER\.openjfx\cache\21+31\amd64\prism_d3d.dll
0x00007ffa8b040000 - 0x00007ffa8b1f3000 	C:\WINDOWS\system32\d3d9.dll
0x00007ffb241e0000 - 0x00007ffb24210000 	C:\WINDOWS\SYSTEM32\dwmapi.dll
0x00007ffb24030000 - 0x00007ffb24074000 	C:\WINDOWS\SYSTEM32\dxcore.dll
0x00007ffb23e00000 - 0x00007ffb23eab000 	C:\WINDOWS\system32\uxtheme.dll
0x00007ffa8c4c0000 - 0x00007ffa8c583000 	C:\WINDOWS\SYSTEM32\d3d9on12.dll
0x00007ffb24080000 - 0x00007ffb241bc000 	C:\WINDOWS\SYSTEM32\dxgi.dll
0x00007ffabb100000 - 0x00007ffabb123000 	C:\WINDOWS\SYSTEM32\d3d12.dll
0x00007ffb26f10000 - 0x00007ffb26f67000 	C:\WINDOWS\SYSTEM32\cfgmgr32.dll
0x00007ffa8ace0000 - 0x00007ffa8b039000 	C:\WINDOWS\SYSTEM32\D3D12Core.dll
0x00007ffa90900000 - 0x00007ffa90927000 	C:\WINDOWS\System32\DriverStore\FileRepository\iigd_dch.inf_amd64_c73cfa60d516cb00\igd12umd64.dll
0x00007ffa817e0000 - 0x00007ffa82662000 	C:\WINDOWS\System32\DriverStore\FileRepository\iigd_dch.inf_amd64_c73cfa60d516cb00\igd12um64xel.dll
0x00007ffb27ea0000 - 0x00007ffb28017000 	C:\WINDOWS\System32\CRYPT32.dll
0x00007ffb272c0000 - 0x00007ffb272ea000 	C:\WINDOWS\SYSTEM32\bcrypt.dll
0x00007ffb1d360000 - 0x00007ffb1d39b000 	C:\WINDOWS\SYSTEM32\ControlLib.dll
0x00007ffb28020000 - 0x00007ffb284a9000 	C:\WINDOWS\System32\SETUPAPI.dll
0x00007ffb26f70000 - 0x00007ffb26f9d000 	C:\WINDOWS\SYSTEM32\DEVOBJ.dll
0x00007ffb1cd50000 - 0x00007ffb1cdc6000 	C:\WINDOWS\System32\DriverStore\FileRepository\iigd_dch.inf_amd64_c73cfa60d516cb00\IntelControlLib.dll
0x00007ffb27540000 - 0x00007ffb275c0000 	C:\WINDOWS\System32\WINTRUST.dll
0x00007ffb26ae0000 - 0x00007ffb26af3000 	C:\WINDOWS\SYSTEM32\MSASN1.dll
0x00007ffb20760000 - 0x00007ffb207c2000 	C:\WINDOWS\SYSTEM32\directxdatabasehelper.dll
0x00007ffb1c930000 - 0x00007ffb1cd45000 	C:\WINDOWS\System32\DriverStore\FileRepository\iigd_dch.inf_amd64_c73cfa60d516cb00\igdgmm64.dll
0x00007ffb17580000 - 0x00007ffb1baff000 	C:\WINDOWS\System32\DriverStore\FileRepository\iigd_dch.inf_amd64_c73cfa60d516cb00\igc64.dll
0x00007ffa8abf0000 - 0x00007ffa8acd5000 	C:\WINDOWS\SYSTEM32\D3DSCache.dll
0x00007ffb26740000 - 0x00007ffb2676b000 	C:\WINDOWS\SYSTEM32\USERENV.dll
0x00007ffa7d450000 - 0x00007ffa80c27000 	C:\WINDOWS\System32\DriverStore\FileRepository\iigd_dch.inf_amd64_c73cfa60d516cb00\igd12dxva64.dll
0x00007ffadcf00000 - 0x00007ffadcf27000 	C:\WINDOWS\System32\DriverStore\FileRepository\iigd_dch.inf_amd64_c73cfa60d516cb00\igdinfo64.dll
0x00007ffb1bd90000 - 0x00007ffb1bdd2000 	C:\Users\USER\.openjfx\cache\21+31\amd64\glass.dll
0x00007ffb29250000 - 0x00007ffb2933f000 	C:\WINDOWS\System32\COMDLG32.dll
0x00007ffb29520000 - 0x00007ffb2967f000 	C:\WINDOWS\System32\MSCTF.dll
0x00007ffb1c410000 - 0x00007ffb1c424000 	C:\Users\USER\.openjfx\cache\21+31\amd64\javafx_font.dll
0x00007ffb225c0000 - 0x00007ffb22827000 	C:\WINDOWS\SYSTEM32\dwrite.dll
0x00007ffb298d0000 - 0x00007ffb29980000 	C:\WINDOWS\System32\clbcatq.dll
0x00007ffb222a0000 - 0x00007ffb224ce000 	C:\WINDOWS\SYSTEM32\WindowsCodecs.dll
0x00007ffb11700000 - 0x00007ffb1175a000 	C:\WINDOWS\system32\dataexchange.dll

dbghelp: loaded successfully - version: 4.0.5 - missing functions: none
symbol engine: initialized successfully - sym options: 0x614 - pdb path: .;C:\Program Files\Java\jdk-23\bin;C:\WINDOWS\SYSTEM32;C:\WINDOWS\WinSxS\amd64_microsoft.windows.common-controls_6595b64144ccf1df_6.0.26100.7344_none_3e0a71fae332857b;C:\Program Files\Java\jdk-23\bin\server;C:\Users\USER\.openjfx\cache\21+31\amd64;C:\WINDOWS\System32\DriverStore\FileRepository\iigd_dch.inf_amd64_c73cfa60d516cb00;C:\Program Files\Common Files\Microsoft Shared\Ink

VM Arguments:
jvm_args: --module-path=C:\Users\USER\.m2\repository\org\openjfx\javafx-base\21\javafx-base-21-win.jar;C:\Users\USER\.m2\repository\org\openjfx\javafx-base\21\javafx-base-21.jar;C:\Users\USER\.m2\repository\org\openjfx\javafx-controls\21\javafx-controls-21-win.jar;C:\Users\USER\.m2\repository\org\openjfx\javafx-controls\21\javafx-controls-21.jar;C:\Users\USER\.m2\repository\org\openjfx\javafx-fxml\21\javafx-fxml-21-win.jar;C:\Users\USER\.m2\repository\org\openjfx\javafx-fxml\21\javafx-fxml-21.jar;C:\Users\USER\.m2\repository\org\openjfx\javafx-graphics\21\javafx-graphics-21-win.jar;C:\Users\USER\.m2\repository\org\openjfx\javafx-graphics\21\javafx-graphics-21.jar --add-modules=javafx.base,javafx.controls,javafx.fxml,javafx.graphics 
java_command: com.securechat.client.ClientApp
java_class_path (initial): C:\Users\USER\OneDrive\Desktop\Networking Project2\client\target\classes;C:\Users\USER\.m2\repository\com\securechat\common\1.0-SNAPSHOT\common-1.0-SNAPSHOT.jar
Launcher Type: SUN_STANDARD

[Global flags]
     intx CICompilerCount                          = 12                                        {product} {ergonomic}
     uint ConcGCThreads                            = 3                                         {product} {ergonomic}
     uint G1ConcRefinementThreads                  = 13                                        {product} {ergonomic}
   size_t G1HeapRegionSize                         = 2097152                                   {product} {ergonomic}
   size_t InitialHeapSize                          = 264241152                                 {product} {ergonomic}
   size_t MarkStackSize                            = 4194304                                   {product} {ergonomic}
   size_t MarkStackSizeMax                         = 536870912                                 {product} {ergonomic}
   size_t MaxHeapSize                              = 4219469824                                {product} {ergonomic}
   size_t MaxNewSize                               = 2531262464                                {product} {ergonomic}
   size_t MinHeapDeltaBytes                        = 2097152                                   {product} {ergonomic}
   size_t MinHeapSize                              = 8388608                                   {product} {ergonomic}
    uintx NonNMethodCodeHeapSize                   = 7602176                                {pd product} {ergonomic}
    uintx NonProfiledCodeHeapSize                  = 122093568                              {pd product} {ergonomic}
    uintx ProfiledCodeHeapSize                     = 121962496                              {pd product} {ergonomic}
    uintx ReservedCodeCacheSize                    = 251658240                              {pd product} {ergonomic}
     bool SegmentedCodeCache                       = true                                      {product} {ergonomic}
   size_t SoftMaxHeapSize                          = 4219469824                             {manageable} {ergonomic}
     bool UseCompressedOops                        = true                           {product lp64_product} {ergonomic}
     bool UseG1GC                                  = true                                      {product} {ergonomic}
     bool UseLargePagesIndividualAllocation        = false                                  {pd product} {ergonomic}

Logging:
Log output configuration:
 #0: stdout all=warning uptime,level,tags foldmultilines=false
 #1: stderr all=off uptime,level,tags foldmultilines=false

Environment Variables:
JAVA_HOME=C:\Program Files\Java\jdk-23
CLASSPATH=.;
PATH=C:\Program Files\Common Files\Oracle\Java\javapath;C:\Program Files (x86)\Common Files\Oracle\Java\java8path;C:\Program Files (x86)\Common Files\Oracle\Java\javapath;C:\WINDOWS\system32;C:\WINDOWS;C:\WINDOWS\System32\Wbem;C:\WINDOWS\System32\WindowsPowerShell\v1.0\;C:\WINDOWS\System32\OpenSSH\;C:\ProgramData\chocolatey\bin;C:\Program Files\Java\jdk1.8.0_211\bin;C:\Program Files (x86)\Java\latest\jre-1.8\bin;C:\Users\USER\AppData\Roaming\Python\Python313\Scripts;C:\Program Files (x86)\Windows Kits\10\Windows Performance Toolkit\;C:\Program Files\nodejs\;C:\flutter_windows_3.29.2-stable\flutter\bin;C:\Program Files\Git\cmd;C:\Users\USER\AppData\Local\Android\Sdk\emulator;C:\Users\USER\AppData\Local\Android\Sdk\platform-tools;C:\Users\USER\Downloads\commandlinetools-win-13114758_latest\cmdline-tools\latest\bin;E:\mingw64\bin;C:\Users\USER\AppData\Local\bin\NASM\nasm.exe;C:\Program Files (x86)\STMicroelectronics\STM32 ST-LINK Utility\ST-LINK Utility;C:\Program Files\Cloudflare\Cloudflare WARP\;C:\Program Files\GitHub CLI\;C:\Program Files\Java\jdk-23;C:\Users\USER\Downloads\apache-maven-3.9.12-bin\apache-maven-3.9.12\bin;C:\Users\USER\AppData\Local\Programs\Python\Python312\Scripts\;C:\Users\USER\AppData\Local\Programs\Python\Python312\;C:\Program Files\Common Files\Oracle\Java\javapath;C:\Program Files (x86)\Common Files\Oracle\Java\java8path;C:\Program Files (x86)\Common Files\Oracle\Java\javapath;C:\mingw64\bin;C:\WINDOWS\system32;C:\WINDOWS;C:\WINDOWS\System32\Wbem;C:\WINDOWS\System32\WindowsPowerShell\v1.0\;C:\WINDOWS\System32\OpenSSH\;C:\ProgramData\chocolatey\bin;C:\Program Files\Java\jdk1.8.0_211\bin;C:\Program Files (x86)\Java\latest\jre-1.8\bin;C:\Program Files (x86)\Windows Kits\10\Windows Performance Toolkit\;C:\Program Files\nodejs\;C:\flutter_windows_3.29.2-stable\flutter\bin;C:\Program Files\Git\cmd;C:\Users\USER\AppData\Local\Android\Sdk\emulator;C:\Users\USER\AppData\Local\Android\Sdk\platform-tools;C:\Users\USER\Downloads\commandlinetools-win-13114758_latest\cmdline-tools\latest\bin;$env:PATH;C:\Users\USER\AppData\Local\bin\NASM;C:\Users\USER\AppData\Local\Microsoft\WindowsApps;C:\Users\USER\AppData\Local\Programs\Microsoft VS Code\bin;C:\Users\USER\AppData\Local\Programs\Antigravity\bin;c:\Users\USER\.antigravity\extensions\vscjava.vscode-java-debug-0.58.4-universal\bundled\scripts\noConfigScripts
USERNAME=Bondhon Kumar Sarker
LANG=en_US.UTF-8
OS=Windows_NT
PROCESSOR_IDENTIFIER=Intel64 Family 6 Model 154 Stepping 3, GenuineIntel
TMP=C:\Users\USER\AppData\Local\Temp
TEMP=C:\Users\USER\AppData\Local\Temp




Periodic native trim disabled

---------------  S Y S T E M  ---------------

OS:
 Windows 11 , 64 bit Build 26100 (10.0.26100.7523)
OS uptime: 1 days 21:57 hours
Hyper-V role detected

CPU: total 16 (initial active 16) (8 cores per cpu, 2 threads per core) family 6 model 154 stepping 3 microcode 0x423, cx8, cmov, fxsr, ht, mmx, 3dnowpref, sse, sse2, sse3, ssse3, sse4.1, sse4.2, popcnt, lzcnt, tsc, tscinvbit, avx, avx2, aes, erms, clmul, bmi1, bmi2, adx, sha, fma, vzeroupper, clflush, clflushopt, clwb, hv, serialize, rdtscp, rdpid, fsrm, gfni, f16c, cet_ibt, cet_ss
Processor Information for processor 0
  Max Mhz: 1700, Current Mhz: 1700, Mhz Limit: 1700
Processor Information for processor 1
  Max Mhz: 1700, Current Mhz: 1457, Mhz Limit: 1700
Processor Information for processor 2
  Max Mhz: 1700, Current Mhz: 1700, Mhz Limit: 1700
Processor Information for processor 3
  Max Mhz: 1700, Current Mhz: 1700, Mhz Limit: 1700
Processor Information for processor 4
  Max Mhz: 1700, Current Mhz: 1700, Mhz Limit: 1700
Processor Information for processor 5
  Max Mhz: 1700, Current Mhz: 1457, Mhz Limit: 1700
Processor Information for processor 6
  Max Mhz: 1700, Current Mhz: 1700, Mhz Limit: 1700
Processor Information for processor 7
  Max Mhz: 1700, Current Mhz: 1457, Mhz Limit: 1700
Processor Information for processor 8
  Max Mhz: 1700, Current Mhz: 1200, Mhz Limit: 1190
Processor Information for processor 9
  Max Mhz: 1700, Current Mhz: 1200, Mhz Limit: 1190
Processor Information for processor 10
  Max Mhz: 1700, Current Mhz: 1200, Mhz Limit: 1190
Processor Information for processor 11
  Max Mhz: 1700, Current Mhz: 1200, Mhz Limit: 1190
Processor Information for processor 12
  Max Mhz: 1700, Current Mhz: 1200, Mhz Limit: 1190
Processor Information for processor 13
  Max Mhz: 1700, Current Mhz: 1200, Mhz Limit: 1190
Processor Information for processor 14
  Max Mhz: 1700, Current Mhz: 1200, Mhz Limit: 1190
Processor Information for processor 15
  Max Mhz: 1700, Current Mhz: 1200, Mhz Limit: 1190

Memory: 4k page, system-wide physical 16088M (817M free)
TotalPageFile size 22361M (AvailPageFile size 34M)
current process WorkingSet (physical memory assigned to process): 309M, peak: 371M
current process commit charge ("private bytes"): 400M, peak: 619M

vm_info: Java HotSpot(TM) 64-Bit Server VM (23.0.1+11-39) for windows-amd64 JRE (23.0.1+11-39), built on 2024-09-30T07:20:43Z with MS VC++ 17.6 (VS2022)

END.
