#
# There is insufficient memory for the Java Runtime Environment to continue.
# Native memory allocation (malloc) failed to allocate 32744 bytes. Error detail: Chunk::new
# Possible reasons:
#   The system is out of physical RAM or swap space
#   This process is running with CompressedOops enabled, and the Java Heap may be blocking the growth of the native heap
# Possible solutions:
#   Reduce memory load on the system
#   Increase physical memory or swap space
#   Check if swap backing store is full
#   Decrease Java heap size (-Xmx/-Xms)
#   Decrease number of Java threads
#   Decrease Java thread stack sizes (-Xss)
#   Set larger code cache with -XX:ReservedCodeCacheSize=
#   JVM is running with Zero Based Compressed Oops mode in which the Java heap is
#     placed in the first 32GB address space. The Java Heap base address is the
#     maximum limit for the native heap growth. Please use -XX:HeapBaseMinAddress
#     to set the Java Heap base and to place the Java Heap above 32GB virtual address.
# This output file may be truncated or incomplete.
#
#  Out of Memory Error (arena.cpp:149), pid=17972, tid=26328
#
# JRE version: Java(TM) SE Runtime Environment (23.0.1+11) (build 23.0.1+11-39)
# Java VM: Java HotSpot(TM) 64-Bit Server VM (23.0.1+11-39, mixed mode, sharing, tiered, compressed oops, compressed class ptrs, g1 gc, windows-amd64)
# No core dump will be written. Minidumps are not enabled by default on client versions of Windows
#

---------------  S U M M A R Y ------------

Command Line: --module-path=C:\Users\USER\.m2\repository\org\openjfx\javafx-base\21\javafx-base-21-win.jar;C:\Users\USER\.m2\repository\org\openjfx\javafx-base\21\javafx-base-21.jar;C:\Users\USER\.m2\repository\org\openjfx\javafx-controls\21\javafx-controls-21-win.jar;C:\Users\USER\.m2\repository\org\openjfx\javafx-controls\21\javafx-controls-21.jar;C:\Users\USER\.m2\repository\org\openjfx\javafx-fxml\21\javafx-fxml-21-win.jar;C:\Users\USER\.m2\repository\org\openjfx\javafx-fxml\21\javafx-fxml-21.jar;C:\Users\USER\.m2\repository\org\openjfx\javafx-graphics\21\javafx-graphics-21-win.jar;C:\Users\USER\.m2\repository\org\openjfx\javafx-graphics\21\javafx-graphics-21.jar --add-modules=javafx.base,javafx.controls,javafx.fxml,javafx.graphics com.securechat.client.ClientApp

Host: 12th Gen Intel(R) Core(TM) i5-1240P, 16 cores, 15G,  Windows 11 , 64 bit Build 26100 (10.0.26100.7523)
Time: Thu Dec 25 19:59:28 2025 Bangladesh Standard Time elapsed time: 131.997530 seconds (0d 0h 2m 11s)

---------------  T H R E A D  ---------------

Current thread (0x000001e53c8b1ee0):  JavaThread "C2 CompilerThread0" daemon [_thread_in_native, id=26328, stack(0x000000bfb1900000,0x000000bfb1a00000) (1024K)]


Current CompileTask:
C2:131997 5678       4       java.lang.reflect.AccessibleObject::slowVerifyAccess (67 bytes)

Stack: [0x000000bfb1900000,0x000000bfb1a00000]
Native frames: (J=compiled Java code, j=interpreted, Vv=VM code, C=native code)
V  [jvm.dll+0x6e08b9]  (no source info available)
V  [jvm.dll+0x87dc83]  (no source info available)
V  [jvm.dll+0x88010e]  (no source info available)
V  [jvm.dll+0x8807e3]  (no source info available)
V  [jvm.dll+0x27aee6]  (no source info available)
V  [jvm.dll+0xbc06f]  (no source info available)
V  [jvm.dll+0xbc45b]  (no source info available)
V  [jvm.dll+0xbbf1b]  (no source info available)
V  [jvm.dll+0x6bc8ad]  (no source info available)
V  [jvm.dll+0x6bb258]  (no source info available)
V  [jvm.dll+0x67488b]  (no source info available)
V  [jvm.dll+0x397f99]  (no source info available)
V  [jvm.dll+0x3a06f2]  (no source info available)
V  [jvm.dll+0x6ef2e1]  (no source info available)
V  [jvm.dll+0x1c644c]  (no source info available)
V  [jvm.dll+0x2edb5f]  (no source info available)
V  [jvm.dll+0x6f99b7]  (no source info available)
V  [jvm.dll+0x6f1d0f]  (no source info available)
V  [jvm.dll+0x6f1137]  (no source info available)
V  [jvm.dll+0x6ef305]  (no source info available)
V  [jvm.dll+0x1c644c]  (no source info available)
V  [jvm.dll+0x2edb5f]  (no source info available)
V  [jvm.dll+0x6f99b7]  (no source info available)
V  [jvm.dll+0x6f1d0f]  (no source info available)
V  [jvm.dll+0x6f1137]  (no source info available)
V  [jvm.dll+0x6ef305]  (no source info available)
V  [jvm.dll+0x1c644c]  (no source info available)
V  [jvm.dll+0x2439bc]  (no source info available)
V  [jvm.dll+0x1c33a0]  (no source info available)
V  [jvm.dll+0x253cf1]  (no source info available)
V  [jvm.dll+0x251faa]  (no source info available)
V  [jvm.dll+0x3ee036]  (no source info available)
V  [jvm.dll+0x824f8b]  (no source info available)
V  [jvm.dll+0x6df065]  (no source info available)
C  [ucrtbase.dll+0x37b0]  (no source info available)
C  [KERNEL32.DLL+0x2e8d7]  (no source info available)
C  [ntdll.dll+0x8c3dc]  (no source info available)

Lock stack of current Java thread (top to bottom):


---------------  P R O C E S S  ---------------

Threads class SMR info:
_java_thread_list=0x000001e57f509e90, length=20, elements={
0x000001e51a6e8180, 0x000001e53c8a9840, 0x000001e53c8aa2a0, 0x000001e53c8ab110,
0x000001e53c8ac310, 0x000001e53c8af800, 0x000001e53c8b0470, 0x000001e53c8b1ee0,
0x000001e53c8c0930, 0x000001e53ca83530, 0x000001e57e190c50, 0x000001e57ea91da0,
0x000001e57ebc08e0, 0x000001e57ebc5b80, 0x000001e57ed18920, 0x000001e57ed1cfa0,
0x000001e57ef18bf0, 0x000001e57ef19280, 0x000001e57ef17840, 0x000001e57ef171b0
}

Java Threads: ( => current thread )
  0x000001e51a6e8180 JavaThread "main"                              [_thread_blocked, id=22228, stack(0x000000bfb0b00000,0x000000bfb0c00000) (1024K)]
  0x000001e53c8a9840 JavaThread "Reference Handler"          daemon [_thread_blocked, id=23568, stack(0x000000bfb1300000,0x000000bfb1400000) (1024K)]
  0x000001e53c8aa2a0 JavaThread "Finalizer"                  daemon [_thread_blocked, id=14744, stack(0x000000bfb1400000,0x000000bfb1500000) (1024K)]
  0x000001e53c8ab110 JavaThread "Signal Dispatcher"          daemon [_thread_blocked, id=19060, stack(0x000000bfb1500000,0x000000bfb1600000) (1024K)]
  0x000001e53c8ac310 JavaThread "Attach Listener"            daemon [_thread_blocked, id=19452, stack(0x000000bfb1600000,0x000000bfb1700000) (1024K)]
  0x000001e53c8af800 JavaThread "Service Thread"             daemon [_thread_blocked, id=14652, stack(0x000000bfb1700000,0x000000bfb1800000) (1024K)]
  0x000001e53c8b0470 JavaThread "Monitor Deflation Thread"   daemon [_thread_blocked, id=20844, stack(0x000000bfb1800000,0x000000bfb1900000) (1024K)]
=>0x000001e53c8b1ee0 JavaThread "C2 CompilerThread0"         daemon [_thread_in_native, id=26328, stack(0x000000bfb1900000,0x000000bfb1a00000) (1024K)]
  0x000001e53c8c0930 JavaThread "C1 CompilerThread0"         daemon [_thread_blocked, id=26052, stack(0x000000bfb1a00000,0x000000bfb1b00000) (1024K)]
  0x000001e53ca83530 JavaThread "Common-Cleaner"             daemon [_thread_blocked, id=22452, stack(0x000000bfb1c00000,0x000000bfb1d00000) (1024K)]
  0x000001e57e190c50 JavaThread "Notification Thread"        daemon [_thread_blocked, id=18812, stack(0x000000bfb2600000,0x000000bfb2700000) (1024K)]
  0x000001e57ea91da0 JavaThread "QuantumRenderer-0"          daemon [_thread_blocked, id=10640, stack(0x000000bfb2500000,0x000000bfb2600000) (1024K)]
  0x000001e57ebc08e0 JavaThread "InvokeLaterDispatcher"      daemon [_thread_blocked, id=20516, stack(0x000000bfb2100000,0x000000bfb2200000) (1024K)]
  0x000001e57ebc5b80 JavaThread "JavaFX Application Thread"         [_thread_in_native, id=1988, stack(0x000000bfb2200000,0x000000bfb2300000) (1024K)]
  0x000001e57ed18920 JavaThread "JavaFX-Launcher"                   [_thread_blocked, id=19280, stack(0x000000bfb1f00000,0x000000bfb2000000) (1024K)]
  0x000001e57ed1cfa0 JavaThread "Thread-2"                   daemon [_thread_in_native, id=25568, stack(0x000000bfb1e00000,0x000000bfb1f00000) (1024K)]
  0x000001e57ef18bf0 JavaThread "Prism Font Disposer"        daemon [_thread_blocked, id=26588, stack(0x000000bfb3900000,0x000000bfb3a00000) (1024K)]
  0x000001e57ef19280 JavaThread "Cleaner-0"                  daemon [_thread_blocked, id=4312, stack(0x000000bfb3000000,0x000000bfb3100000) (1024K)]
  0x000001e57ef17840 JavaThread "Thread-4"                   daemon [_thread_in_native, id=26292, stack(0x000000bfb3100000,0x000000bfb3200000) (1024K)]
  0x000001e57ef171b0 JavaThread "Thread-6"                          [_thread_blocked, id=21268, stack(0x000000bfb0800000,0x000000bfb0900000) (1024K)]
Total: 20

Other Threads:
  0x000001e53bbcb740 VMThread "VM Thread"                           [id=10356, stack(0x000000bfb1200000,0x000000bfb1300000) (1024K)]
  0x000001e53bbb2cf0 WatcherThread "VM Periodic Task Thread"        [id=19400, stack(0x000000bfb1100000,0x000000bfb1200000) (1024K)]
  0x000001e51cad7cd0 WorkerThread "GC Thread#0"                     [id=7476, stack(0x000000bfb0c00000,0x000000bfb0d00000) (1024K)]
  0x000001e57ede7a40 WorkerThread "GC Thread#1"                     [id=9224, stack(0x000000bfb2400000,0x000000bfb2500000) (1024K)]
  0x000001e57ed63400 WorkerThread "GC Thread#2"                     [id=3016, stack(0x000000bfb2b00000,0x000000bfb2c00000) (1024K)]
  0x000001e57ed637b0 WorkerThread "GC Thread#3"                     [id=20248, stack(0x000000bfb2c00000,0x000000bfb2d00000) (1024K)]
  0x000001e57ed467e0 WorkerThread "GC Thread#4"                     [id=3028, stack(0x000000bfb2d00000,0x000000bfb2e00000) (1024K)]
  0x000001e57ed46b90 WorkerThread "GC Thread#5"                     [id=19852, stack(0x000000bfb2e00000,0x000000bfb2f00000) (1024K)]
  0x000001e57efd92b0 WorkerThread "GC Thread#6"                     [id=14660, stack(0x000000bfb3200000,0x000000bfb3300000) (1024K)]
  0x000001e57efd8b50 WorkerThread "GC Thread#7"                     [id=26388, stack(0x000000bfb3300000,0x000000bfb3400000) (1024K)]
  0x000001e57efda170 WorkerThread "GC Thread#8"                     [id=17712, stack(0x000000bfb3400000,0x000000bfb3500000) (1024K)]
  0x000001e57efd9a10 WorkerThread "GC Thread#9"                     [id=10324, stack(0x000000bfb3500000,0x000000bfb3600000) (1024K)]
  0x000001e53cace320 WorkerThread "GC Thread#10"                    [id=15956, stack(0x000000bfb0a00000,0x000000bfb0b00000) (1024K)]
  0x000001e53cad1a70 WorkerThread "GC Thread#11"                    [id=8036, stack(0x000000bfb4100000,0x000000bfb4200000) (1024K)]
  0x000001e53cad1e20 WorkerThread "GC Thread#12"                    [id=25096, stack(0x000000bfb4200000,0x000000bfb4300000) (1024K)]
  0x000001e51cb26d30 ConcurrentGCThread "G1 Main Marker"            [id=6132, stack(0x000000bfb0d00000,0x000000bfb0e00000) (1024K)]
  0x000001e51cb28f00 WorkerThread "G1 Conc#0"                       [id=2460, stack(0x000000bfb0e00000,0x000000bfb0f00000) (1024K)]
  0x000001e53cacf1e0 WorkerThread "G1 Conc#1"                       [id=15780, stack(0x000000bfb4300000,0x000000bfb4400000) (1024K)]
  0x000001e53cad0450 WorkerThread "G1 Conc#2"                       [id=14176, stack(0x000000bfb4400000,0x000000bfb4500000) (1024K)]
  0x000001e53ba7bfa0 ConcurrentGCThread "G1 Refine#0"               [id=8584, stack(0x000000bfb0f00000,0x000000bfb1000000) (1024K)]
  0x000001e53ba7c7d0 ConcurrentGCThread "G1 Service"                [id=11848, stack(0x000000bfb1000000,0x000000bfb1100000) (1024K)]
Total: 21

Threads with active compile tasks:
C2 CompilerThread0  132104 5678       4       java.lang.reflect.AccessibleObject::slowVerifyAccess (67 bytes)
Total: 1

VM state: not at safepoint (normal execution)

VM Mutex/Monitor currently owned by a thread: None

Heap address: 0x0000000704800000, size: 4024 MB, Compressed Oops mode: Zero based, Oop shift amount: 3

CDS archive(s) mapped at: [0x000001e53d000000-0x000001e53dd70000-0x000001e53dd70000), size 14090240, SharedBaseAddress: 0x000001e53d000000, ArchiveRelocationMode: 1.
Compressed class space mapped at: 0x000001e53e000000-0x000001e57e000000, reserved size: 1073741824
Narrow klass base: 0x000001e53d000000, Narrow klass shift: 0, Narrow klass range: 0x41000000

GC Precious Log:
 CardTable entry size: 512
 Card Set container configuration: InlinePtr #cards 4 size 8 Array Of Cards #cards 16 size 48 Howl #buckets 8 coarsen threshold 3686 Howl Bitmap #cards 512 size 80 coarsen threshold 460 Card regions per heap region 1 cards per card region 4096
 CPUs: 16 total, 16 available
 Memory: 16088M
 Large Page Support: Disabled
 NUMA Support: Disabled
 Compressed Oops: Enabled (Zero based)
 Heap Region Size: 2M
 Heap Min Capacity: 8M
 Heap Initial Capacity: 252M
 Heap Max Capacity: 4024M
 Pre-touch: Disabled
 Parallel Workers: 13
 Concurrent Workers: 3
 Concurrent Refinement Workers: 13
 Periodic GC: Disabled

Heap:
 garbage-first heap   total reserved 4120576K, committed 57344K, used 32902K [0x0000000704800000, 0x0000000800000000)
  region size 2048K, 12 young (24576K), 1 survivors (2048K)
 Metaspace       used 21349K, committed 21760K, reserved 1114112K
  class space    used 3021K, committed 3200K, reserved 1048576K

Heap Regions: E=young(eden), S=young(survivor), O=old, HS=humongous(starts), HC=humongous(continues), CS=collection set, F=free, TAMS=top-at-mark-start, PB=parsable bottom
|   0|0x0000000704800000, 0x0000000704a00000, 0x0000000704a00000|100%| O|  |TAMS 0x0000000704800000| PB 0x0000000704800000| Untracked |  0
|   1|0x0000000704a00000, 0x0000000704c00000, 0x0000000704c00000|100%| O|  |TAMS 0x0000000704a00000| PB 0x0000000704a00000| Untracked |  0
|   2|0x0000000704c00000, 0x0000000704e00000, 0x0000000704e00000|100%|HS|  |TAMS 0x0000000704c00000| PB 0x0000000704c00000| Complete |  0
|   3|0x0000000704e00000, 0x0000000705000000, 0x0000000705000000|100%| O|  |TAMS 0x0000000704e00000| PB 0x0000000704e00000| Untracked |  0
|   4|0x0000000705000000, 0x0000000705200000, 0x0000000705200000|100%| O|  |TAMS 0x0000000705000000| PB 0x0000000705000000| Untracked |  0
|   5|0x0000000705200000, 0x0000000705400000, 0x0000000705400000|100%| O|  |TAMS 0x0000000705200000| PB 0x0000000705200000| Untracked |  0
|   6|0x0000000705400000, 0x00000007055ce8c0, 0x0000000705600000| 90%| O|  |TAMS 0x0000000705400000| PB 0x0000000705400000| Untracked |  0
|   7|0x0000000705600000, 0x0000000705628500, 0x0000000705800000|  7%| O|  |TAMS 0x0000000705600000| PB 0x0000000705600000| Untracked |  0
|   8|0x0000000705800000, 0x0000000705800000, 0x0000000705a00000|  0%| F|  |TAMS 0x0000000705800000| PB 0x0000000705800000| Untracked |  0
|   9|0x0000000705a00000, 0x0000000705a00000, 0x0000000705c00000|  0%| F|  |TAMS 0x0000000705a00000| PB 0x0000000705a00000| Untracked |  0
|  10|0x0000000705c00000, 0x0000000705c00000, 0x0000000705e00000|  0%| F|  |TAMS 0x0000000705c00000| PB 0x0000000705c00000| Untracked |  0
|  11|0x0000000705e00000, 0x0000000705e2aa40, 0x0000000706000000|  8%| S|CS|TAMS 0x0000000705e00000| PB 0x0000000705e00000| Complete |  0
|  12|0x0000000706000000, 0x0000000706000000, 0x0000000706200000|  0%| F|  |TAMS 0x0000000706000000| PB 0x0000000706000000| Untracked |  0
|  13|0x0000000706200000, 0x0000000706200000, 0x0000000706400000|  0%| F|  |TAMS 0x0000000706200000| PB 0x0000000706200000| Untracked |  0
|  14|0x0000000706400000, 0x0000000706400000, 0x0000000706600000|  0%| F|  |TAMS 0x0000000706400000| PB 0x0000000706400000| Untracked |  0
|  15|0x0000000706600000, 0x0000000706600000, 0x0000000706800000|  0%| F|  |TAMS 0x0000000706600000| PB 0x0000000706600000| Untracked |  0
|  16|0x0000000706800000, 0x0000000706820550, 0x0000000706a00000|  6%| E|  |TAMS 0x0000000706800000| PB 0x0000000706800000| Complete |  0
|  17|0x0000000706a00000, 0x0000000706bfa528, 0x0000000706c00000| 98%| E|  |TAMS 0x0000000706a00000| PB 0x0000000706a00000| Complete |  0
|  18|0x0000000706c00000, 0x0000000706e00000, 0x0000000706e00000|100%| E|CS|TAMS 0x0000000706c00000| PB 0x0000000706c00000| Complete |  0
|  19|0x0000000706e00000, 0x0000000707000000, 0x0000000707000000|100%| E|CS|TAMS 0x0000000706e00000| PB 0x0000000706e00000| Complete |  0
|  20|0x0000000707000000, 0x0000000707200000, 0x0000000707200000|100%| E|CS|TAMS 0x0000000707000000| PB 0x0000000707000000| Complete |  0
|  21|0x0000000707200000, 0x0000000707400000, 0x0000000707400000|100%| E|CS|TAMS 0x0000000707200000| PB 0x0000000707200000| Complete |  0
|  22|0x0000000707400000, 0x0000000707600000, 0x0000000707600000|100%| E|CS|TAMS 0x0000000707400000| PB 0x0000000707400000| Complete |  0
|  23|0x0000000707600000, 0x0000000707800000, 0x0000000707800000|100%| E|CS|TAMS 0x0000000707600000| PB 0x0000000707600000| Complete |  0
|  24|0x0000000707800000, 0x0000000707a00000, 0x0000000707a00000|100%| E|CS|TAMS 0x0000000707800000| PB 0x0000000707800000| Complete |  0
|  25|0x0000000707a00000, 0x0000000707c00000, 0x0000000707c00000|100%| E|CS|TAMS 0x0000000707a00000| PB 0x0000000707a00000| Complete |  0
| 100|0x0000000711000000, 0x0000000711200000, 0x0000000711200000|100%| E|CS|TAMS 0x0000000711000000| PB 0x0000000711000000| Complete |  0
| 125|0x0000000714200000, 0x0000000714400000, 0x0000000714400000|100%| E|CS|TAMS 0x0000000714200000| PB 0x0000000714200000| Complete |  0

Card table byte_map: [0x000001e535200000,0x000001e5359e0000] _byte_map_base: 0x000001e5319dc000

Marking Bits: (CMBitMap*) 0x000001e51cad83e0
 Bits: [0x000001e5359e0000, 0x000001e5398c0000)

Polling page: 0x000001e51a890000

Metaspace:

Usage:
  Non-class:     17.90 MB used.
      Class:      2.95 MB used.
       Both:     20.85 MB used.

Virtual space:
  Non-class space:       64.00 MB reserved,      18.12 MB ( 28%) committed,  1 nodes.
      Class space:        1.00 GB reserved,       3.12 MB ( <1%) committed,  1 nodes.
             Both:        1.06 GB reserved,      21.25 MB (  2%) committed. 

Chunk freelists:
   Non-Class:  13.60 MB
       Class:  12.86 MB
        Both:  26.47 MB

MaxMetaspaceSize: unlimited
CompressedClassSpaceSize: 1.00 GB
Initial GC threshold: 21.00 MB
Current GC threshold: 35.12 MB
CDS: on
 - commit_granule_bytes: 65536.
 - commit_granule_words: 8192.
 - virtual_space_node_default_size: 8388608.
 - enlarge_chunks_in_place: 1.
 - use_allocation_guard: 0.


Internal statistics:

num_allocs_failed_limit: 3.
num_arena_births: 430.
num_arena_deaths: 0.
num_vsnodes_births: 2.
num_vsnodes_deaths: 0.
num_space_committed: 340.
num_space_uncommitted: 0.
num_chunks_returned_to_freelist: 3.
num_chunks_taken_from_freelist: 1088.
num_chunk_merges: 3.
num_chunk_splits: 728.
num_chunks_enlarged: 512.
num_inconsistent_stats: 0.

CodeHeap 'non-profiled nmethods': size=119232Kb used=2559Kb max_used=2559Kb free=116672Kb
 bounds [0x000001e52cd30000, 0x000001e52cfb0000, 0x000001e5341a0000]
CodeHeap 'profiled nmethods': size=119104Kb used=8906Kb max_used=8906Kb free=110197Kb
 bounds [0x000001e5251a0000, 0x000001e525a60000, 0x000001e52c5f0000]
CodeHeap 'non-nmethods': size=7424Kb used=1813Kb max_used=3553Kb free=5610Kb
 bounds [0x000001e52c5f0000, 0x000001e52c9f0000, 0x000001e52cd30000]
CodeCache: size=245760Kb, used=13278Kb, max_used=15018Kb, free=232479Kb
 total_blobs=6523, nmethods=5676, adapters=751, full_count=0
Compilation: enabled, stopped_count=0, restarted_count=0

Compilation events (20 events):
Event: 127.294 Thread 0x000001e53c8b1ee0 nmethod 5667 0x000001e52cfa2f08 code [0x000001e52cfa31c0, 0x000001e52cfa51c8]
Event: 129.158 Thread 0x000001e53c8b1ee0 5669       4       com.sun.crypto.provider.GaloisCounterMode$GCMEngine::processAAD (116 bytes)
Event: 129.159 Thread 0x000001e53c8b1ee0 nmethod 5669 0x000001e52cfa5388 code [0x000001e52cfa5480, 0x000001e52cfa5520]
Event: 129.159 Thread 0x000001e53c8b1ee0 5670       4       com.sun.crypto.provider.GaloisCounterMode::getLengthBlock (40 bytes)
Event: 129.162 Thread 0x000001e53c8b1ee0 nmethod 5670 0x000001e52cfa5688 code [0x000001e52cfa5780, 0x000001e52cfa5888]
Event: 129.414 Thread 0x000001e53c8b1ee0 5671   !   4       java.util.concurrent.ConcurrentHashMap::replaceNode (437 bytes)
Event: 129.434 Thread 0x000001e53c8b1ee0 nmethod 5671 0x000001e52cfa5988 code [0x000001e52cfa5b00, 0x000001e52cfa6888]
Event: 129.838 Thread 0x000001e53c8b1ee0 5672   !   4       java.io.ObjectInputStream::readSerialData (502 bytes)
Event: 130.031 Thread 0x000001e53c8b1ee0 nmethod 5672 0x000001e52cfa6908 code [0x000001e52cfa6ce0, 0x000001e52cfaa050]
Event: 130.031 Thread 0x000001e53c8b1ee0 5673       4       com.sun.crypto.provider.GaloisCounterMode$GCMEncrypt::checkDataLength (57 bytes)
Event: 130.035 Thread 0x000001e53c8b1ee0 nmethod 5673 0x000001e52cfaa288 code [0x000001e52cfaa3a0, 0x000001e52cfaa558]
Event: 130.035 Thread 0x000001e53c8b1ee0 5674   !   4       java.util.concurrent.CompletableFuture::timedGet (212 bytes)
Event: 130.082 Thread 0x000001e53c8b1ee0 nmethod 5674 0x000001e52cfaa588 code [0x000001e52cfaa760, 0x000001e52cfab8d8]
Event: 130.082 Thread 0x000001e53c8b1ee0 5675       4       java.io.FileInputStream::read (28 bytes)
Event: 130.084 Thread 0x000001e53c8b1ee0 nmethod 5675 0x000001e52cfaba08 code [0x000001e52cfabb20, 0x000001e52cfabc00]
Event: 130.154 Thread 0x000001e53c8b1ee0 5676       4       java.util.ArrayList::toArray (57 bytes)
Event: 130.160 Thread 0x000001e53c8b1ee0 nmethod 5676 0x000001e52cfabd08 code [0x000001e52cfabe20, 0x000001e52cfac320]
Event: 130.200 Thread 0x000001e53c8b1ee0 5677   !   4       java.io.ObjectInputStream::readSerialData (502 bytes)
Event: 130.397 Thread 0x000001e53c8b1ee0 nmethod 5677 0x000001e52cfac388 code [0x000001e52cfac760, 0x000001e52cfafab8]
Event: 131.990 Thread 0x000001e53c8b1ee0 5678       4       java.lang.reflect.AccessibleObject::slowVerifyAccess (67 bytes)

GC Heap History (20 events):
Event: 130.091 GC heap before
{Heap before GC invocations=71 (full 0):
 garbage-first heap   total reserved 4120576K, committed 57344K, used 43093K [0x0000000704800000, 0x0000000800000000)
  region size 2048K, 16 young (32768K), 1 survivors (2048K)
 Metaspace       used 21349K, committed 21760K, reserved 1114112K
  class space    used 3021K, committed 3200K, reserved 1048576K
}
Event: 130.092 GC heap after
{Heap after GC invocations=72 (full 0):
 garbage-first heap   total reserved 4120576K, committed 57344K, used 14440K [0x0000000704800000, 0x0000000800000000)
  region size 2048K, 1 young (2048K), 1 survivors (2048K)
 Metaspace       used 21349K, committed 21760K, reserved 1114112K
  class space    used 3021K, committed 3200K, reserved 1048576K
}
Event: 130.268 GC heap before
{Heap before GC invocations=72 (full 0):
 garbage-first heap   total reserved 4120576K, committed 57344K, used 43112K [0x0000000704800000, 0x0000000800000000)
  region size 2048K, 16 young (32768K), 1 survivors (2048K)
 Metaspace       used 21349K, committed 21760K, reserved 1114112K
  class space    used 3021K, committed 3200K, reserved 1048576K
}
Event: 130.269 GC heap after
{Heap after GC invocations=73 (full 0):
 garbage-first heap   total reserved 4120576K, committed 57344K, used 14423K [0x0000000704800000, 0x0000000800000000)
  region size 2048K, 1 young (2048K), 1 survivors (2048K)
 Metaspace       used 21349K, committed 21760K, reserved 1114112K
  class space    used 3021K, committed 3200K, reserved 1048576K
}
Event: 130.442 GC heap before
{Heap before GC invocations=73 (full 0):
 garbage-first heap   total reserved 4120576K, committed 57344K, used 43095K [0x0000000704800000, 0x0000000800000000)
  region size 2048K, 16 young (32768K), 1 survivors (2048K)
 Metaspace       used 21349K, committed 21760K, reserved 1114112K
  class space    used 3021K, committed 3200K, reserved 1048576K
}
Event: 130.443 GC heap after
{Heap after GC invocations=74 (full 0):
 garbage-first heap   total reserved 4120576K, committed 57344K, used 14434K [0x0000000704800000, 0x0000000800000000)
  region size 2048K, 1 young (2048K), 1 survivors (2048K)
 Metaspace       used 21349K, committed 21760K, reserved 1114112K
  class space    used 3021K, committed 3200K, reserved 1048576K
}
Event: 130.606 GC heap before
{Heap before GC invocations=74 (full 0):
 garbage-first heap   total reserved 4120576K, committed 57344K, used 43106K [0x0000000704800000, 0x0000000800000000)
  region size 2048K, 16 young (32768K), 1 survivors (2048K)
 Metaspace       used 21349K, committed 21760K, reserved 1114112K
  class space    used 3021K, committed 3200K, reserved 1048576K
}
Event: 130.607 GC heap after
{Heap after GC invocations=75 (full 0):
 garbage-first heap   total reserved 4120576K, committed 57344K, used 14419K [0x0000000704800000, 0x0000000800000000)
  region size 2048K, 1 young (2048K), 1 survivors (2048K)
 Metaspace       used 21349K, committed 21760K, reserved 1114112K
  class space    used 3021K, committed 3200K, reserved 1048576K
}
Event: 130.760 GC heap before
{Heap before GC invocations=75 (full 0):
 garbage-first heap   total reserved 4120576K, committed 57344K, used 43091K [0x0000000704800000, 0x0000000800000000)
  region size 2048K, 16 young (32768K), 1 survivors (2048K)
 Metaspace       used 21349K, committed 21760K, reserved 1114112K
  class space    used 3021K, committed 3200K, reserved 1048576K
}
Event: 130.761 GC heap after
{Heap after GC invocations=76 (full 0):
 garbage-first heap   total reserved 4120576K, committed 57344K, used 14442K [0x0000000704800000, 0x0000000800000000)
  region size 2048K, 1 young (2048K), 1 survivors (2048K)
 Metaspace       used 21349K, committed 21760K, reserved 1114112K
  class space    used 3021K, committed 3200K, reserved 1048576K
}
Event: 130.936 GC heap before
{Heap before GC invocations=76 (full 0):
 garbage-first heap   total reserved 4120576K, committed 57344K, used 43114K [0x0000000704800000, 0x0000000800000000)
  region size 2048K, 16 young (32768K), 1 survivors (2048K)
 Metaspace       used 21349K, committed 21760K, reserved 1114112K
  class space    used 3021K, committed 3200K, reserved 1048576K
}
Event: 130.937 GC heap after
{Heap after GC invocations=77 (full 0):
 garbage-first heap   total reserved 4120576K, committed 57344K, used 14425K [0x0000000704800000, 0x0000000800000000)
  region size 2048K, 1 young (2048K), 1 survivors (2048K)
 Metaspace       used 21349K, committed 21760K, reserved 1114112K
  class space    used 3021K, committed 3200K, reserved 1048576K
}
Event: 131.086 GC heap before
{Heap before GC invocations=77 (full 0):
 garbage-first heap   total reserved 4120576K, committed 57344K, used 43097K [0x0000000704800000, 0x0000000800000000)
  region size 2048K, 16 young (32768K), 1 survivors (2048K)
 Metaspace       used 21349K, committed 21760K, reserved 1114112K
  class space    used 3021K, committed 3200K, reserved 1048576K
}
Event: 131.088 GC heap after
{Heap after GC invocations=78 (full 0):
 garbage-first heap   total reserved 4120576K, committed 57344K, used 14434K [0x0000000704800000, 0x0000000800000000)
  region size 2048K, 1 young (2048K), 1 survivors (2048K)
 Metaspace       used 21349K, committed 21760K, reserved 1114112K
  class space    used 3021K, committed 3200K, reserved 1048576K
}
Event: 131.262 GC heap before
{Heap before GC invocations=78 (full 0):
 garbage-first heap   total reserved 4120576K, committed 57344K, used 43106K [0x0000000704800000, 0x0000000800000000)
  region size 2048K, 16 young (32768K), 1 survivors (2048K)
 Metaspace       used 21349K, committed 21760K, reserved 1114112K
  class space    used 3021K, committed 3200K, reserved 1048576K
}
Event: 131.264 GC heap after
{Heap after GC invocations=79 (full 0):
 garbage-first heap   total reserved 4120576K, committed 57344K, used 14423K [0x0000000704800000, 0x0000000800000000)
  region size 2048K, 1 young (2048K), 1 survivors (2048K)
 Metaspace       used 21349K, committed 21760K, reserved 1114112K
  class space    used 3021K, committed 3200K, reserved 1048576K
}
Event: 131.808 GC heap before
{Heap before GC invocations=79 (full 0):
 garbage-first heap   total reserved 4120576K, committed 57344K, used 43095K [0x0000000704800000, 0x0000000800000000)
  region size 2048K, 16 young (32768K), 1 survivors (2048K)
 Metaspace       used 21349K, committed 21760K, reserved 1114112K
  class space    used 3021K, committed 3200K, reserved 1048576K
}
Event: 131.809 GC heap after
{Heap after GC invocations=80 (full 0):
 garbage-first heap   total reserved 4120576K, committed 57344K, used 14436K [0x0000000704800000, 0x0000000800000000)
  region size 2048K, 1 young (2048K), 1 survivors (2048K)
 Metaspace       used 21349K, committed 21760K, reserved 1114112K
  class space    used 3021K, committed 3200K, reserved 1048576K
}
Event: 131.981 GC heap before
{Heap before GC invocations=80 (full 0):
 garbage-first heap   total reserved 4120576K, committed 57344K, used 43108K [0x0000000704800000, 0x0000000800000000)
  region size 2048K, 16 young (32768K), 1 survivors (2048K)
 Metaspace       used 21349K, committed 21760K, reserved 1114112K
  class space    used 3021K, committed 3200K, reserved 1048576K
}
Event: 131.982 GC heap after
{Heap after GC invocations=81 (full 0):
 garbage-first heap   total reserved 4120576K, committed 57344K, used 14470K [0x0000000704800000, 0x0000000800000000)
  region size 2048K, 1 young (2048K), 1 survivors (2048K)
 Metaspace       used 21349K, committed 21760K, reserved 1114112K
  class space    used 3021K, committed 3200K, reserved 1048576K
}

Dll operation events (20 events):
Event: 0.418 Loaded shared library C:\Users\USER\.openjfx\cache\21+31\amd64\api-ms-win-crt-math-l1-1-0.dll
Event: 0.420 Loaded shared library C:\Users\USER\.openjfx\cache\21+31\amd64\api-ms-win-crt-multibyte-l1-1-0.dll
Event: 0.423 Loaded shared library C:\Users\USER\.openjfx\cache\21+31\amd64\api-ms-win-crt-private-l1-1-0.dll
Event: 0.425 Loaded shared library C:\Users\USER\.openjfx\cache\21+31\amd64\api-ms-win-crt-process-l1-1-0.dll
Event: 0.428 Loaded shared library C:\Users\USER\.openjfx\cache\21+31\amd64\api-ms-win-crt-runtime-l1-1-0.dll
Event: 0.431 Loaded shared library C:\Users\USER\.openjfx\cache\21+31\amd64\api-ms-win-crt-stdio-l1-1-0.dll
Event: 0.434 Loaded shared library C:\Users\USER\.openjfx\cache\21+31\amd64\api-ms-win-crt-string-l1-1-0.dll
Event: 0.437 Loaded shared library C:\Users\USER\.openjfx\cache\21+31\amd64\api-ms-win-crt-time-l1-1-0.dll
Event: 0.441 Loaded shared library C:\Users\USER\.openjfx\cache\21+31\amd64\api-ms-win-crt-utility-l1-1-0.dll
Event: 0.460 Loaded shared library C:\Users\USER\.openjfx\cache\21+31\amd64\ucrtbase.dll
Event: 0.465 Loaded shared library C:\Users\USER\.openjfx\cache\21+31\amd64\vcruntime140.dll
Event: 0.468 Loaded shared library C:\Users\USER\.openjfx\cache\21+31\amd64\vcruntime140_1.dll
Event: 0.478 Loaded shared library C:\Users\USER\.openjfx\cache\21+31\amd64\msvcp140.dll
Event: 0.481 Loaded shared library C:\Users\USER\.openjfx\cache\21+31\amd64\msvcp140_1.dll
Event: 0.488 Loaded shared library C:\Users\USER\.openjfx\cache\21+31\amd64\msvcp140_2.dll
Event: 0.552 Loaded shared library C:\Users\USER\.openjfx\cache\21+31\amd64\prism_d3d.dll
Event: 0.671 Loaded shared library C:\Users\USER\.openjfx\cache\21+31\amd64\glass.dll
Event: 0.855 Loaded shared library C:\Program Files\Java\jdk-23\bin\jimage.dll
Event: 1.059 Loaded shared library C:\Users\USER\.openjfx\cache\21+31\amd64\javafx_font.dll
Event: 44.152 Loaded shared library C:\Program Files\Java\jdk-23\bin\extnet.dll

Deoptimization events (20 events):
Event: 112.284 Thread 0x000001e57ef171b0 Uncommon trap: trap_request=0xffffffbe fr.pc=0x000001e52cf1f114 relative=0x00000000000002f4
Event: 112.284 Thread 0x000001e57ef171b0 Uncommon trap: reason=profile_predicate action=maybe_recompile pc=0x000001e52cf1f114 method=sun.security.provider.HashDrbg.addBytes([BI[[B)V @ 36 c2
Event: 112.284 Thread 0x000001e57ef171b0 DEOPT PACKING pc=0x000001e52cf1f114 sp=0x000000bfb08fe940
Event: 112.284 Thread 0x000001e57ef171b0 DEOPT UNPACKING pc=0x000001e52c644402 sp=0x000000bfb08fe890 mode 2
Event: 112.297 Thread 0x000001e57ef171b0 Uncommon trap: trap_request=0xffffffbe fr.pc=0x000001e52cf1f114 relative=0x00000000000002f4
Event: 112.297 Thread 0x000001e57ef171b0 Uncommon trap: reason=profile_predicate action=maybe_recompile pc=0x000001e52cf1f114 method=sun.security.provider.HashDrbg.addBytes([BI[[B)V @ 36 c2
Event: 112.297 Thread 0x000001e57ef171b0 DEOPT PACKING pc=0x000001e52cf1f114 sp=0x000000bfb08fe5d0
Event: 112.297 Thread 0x000001e57ef171b0 DEOPT UNPACKING pc=0x000001e52c644402 sp=0x000000bfb08fe520 mode 2
Event: 112.297 Thread 0x000001e57ef171b0 Uncommon trap: trap_request=0xffffffbe fr.pc=0x000001e52cf1f114 relative=0x00000000000002f4
Event: 112.297 Thread 0x000001e57ef171b0 Uncommon trap: reason=profile_predicate action=maybe_recompile pc=0x000001e52cf1f114 method=sun.security.provider.HashDrbg.addBytes([BI[[B)V @ 36 c2
Event: 112.297 Thread 0x000001e57ef171b0 DEOPT PACKING pc=0x000001e52cf1f114 sp=0x000000bfb08fe940
Event: 112.297 Thread 0x000001e57ef171b0 DEOPT UNPACKING pc=0x000001e52c644402 sp=0x000000bfb08fe890 mode 2
Event: 116.667 Thread 0x000001e57ebc5b80 Uncommon trap: trap_request=0xffffff45 fr.pc=0x000001e52cdc3d4c relative=0x0000000000000b2c
Event: 116.667 Thread 0x000001e57ebc5b80 Uncommon trap: reason=unstable_if action=reinterpret pc=0x000001e52cdc3d4c method=java.util.WeakHashMap.expungeStaleEntries()V @ 66 c2
Event: 116.667 Thread 0x000001e57ebc5b80 DEOPT PACKING pc=0x000001e52cdc3d4c sp=0x000000bfb22fe080
Event: 116.667 Thread 0x000001e57ebc5b80 DEOPT UNPACKING pc=0x000001e52c644402 sp=0x000000bfb22fe000 mode 2
Event: 130.031 Thread 0x000001e57ef17840 Uncommon trap: trap_request=0xffffffcc fr.pc=0x000001e52cfa9778 relative=0x0000000000002a98
Event: 130.031 Thread 0x000001e57ef17840 Uncommon trap: reason=intrinsic_or_type_checked_inlining action=make_not_entrant pc=0x000001e52cfa9778 method=java.util.ArrayList.toArray([Ljava/lang/Object;)[Ljava/lang/Object; @ 36 c2
Event: 130.031 Thread 0x000001e57ef17840 DEOPT PACKING pc=0x000001e52cfa9778 sp=0x000000bfb31ff050
Event: 130.031 Thread 0x000001e57ef17840 DEOPT UNPACKING pc=0x000001e52c644402 sp=0x000000bfb31fee98 mode 2

Classes loaded (20 events):
Event: 67.496 Loading class sun/security/util/IOUtils
Event: 67.496 Loading class sun/security/util/IOUtils done
Event: 67.496 Loading class javax/crypto/KeyAgreement
Event: 67.497 Loading class javax/crypto/KeyAgreement done
Event: 67.497 Loading class com/sun/crypto/provider/DHKeyAgreement
Event: 67.497 Loading class javax/crypto/KeyAgreementSpi
Event: 67.497 Loading class javax/crypto/KeyAgreementSpi done
Event: 67.497 Loading class com/sun/crypto/provider/DHKeyAgreement done
Event: 67.497 Loading class sun/security/util/KeyUtil
Event: 67.498 Loading class sun/security/util/KeyUtil done
Event: 85.528 Loading class java/util/UUID
Event: 85.529 Loading class java/util/UUID done
Event: 85.529 Loading class java/util/UUID$Holder
Event: 85.529 Loading class java/util/UUID$Holder done
Event: 85.530 Loading class jdk/internal/util/HexDigits
Event: 85.530 Loading class jdk/internal/util/HexDigits done
Event: 85.530 Loading class jdk/internal/util/ByteArrayLittleEndian
Event: 85.530 Loading class jdk/internal/util/ByteArrayLittleEndian done
Event: 125.529 Loading class java/security/AlgorithmParameters
Event: 125.530 Loading class java/security/AlgorithmParameters done

Classes unloaded (0 events):
No events

Classes redefined (0 events):
No events

Internal exceptions (20 events):
Event: 1.711 Thread 0x000001e57ebc5b80 Exception <a 'java/lang/NoSuchMethodError'{0x0000000713087048}: 'java.lang.Object java.lang.invoke.Invokers$Holder.linkToTargetMethod(java.lang.Object, long, java.lang.Object)'> (0x0000000713087048) 
thrown [s\open\src\hotspot\share\interpreter\linkResolver.cpp, line 796]
Event: 1.714 Thread 0x000001e57ea91da0 Exception <a 'java/lang/NoSuchMethodError'{0x0000000713136000}: 'java.lang.Object java.lang.invoke.Invokers$Holder.invokeExact_MT(java.lang.Object, java.lang.Object, java.lang.Object, java.lang.Object, java.lang.Object)'> (0x0000000713136000) 
thrown [s\open\src\hotspot\share\interpreter\linkResolver.cpp, line 796]
Event: 44.205 Thread 0x000001e57ef171b0 Exception <a 'sun/nio/fs/WindowsException'{0x00000007122644c8}> (0x00000007122644c8) 
thrown [s\open\src\hotspot\share\prims\jni.cpp, line 520]
Event: 44.241 Thread 0x000001e57ef171b0 Exception <a 'java/lang/NoSuchMethodError'{0x0000000712284e08}: 'java.lang.Object java.lang.invoke.DirectMethodHandle$Holder.invokeStaticInit(java.lang.Object, int, int, int, int)'> (0x0000000712284e08) 
thrown [s\open\src\hotspot\share\interpreter\linkResolver.cpp, line 796]
Event: 44.265 Thread 0x000001e57ef171b0 Exception <a 'java/lang/NoSuchMethodError'{0x00000007122b3c28}: 'java.lang.Object java.lang.invoke.DirectMethodHandle$Holder.invokeStaticInit(java.lang.Object, java.lang.Object, int, int, int, int)'> (0x00000007122b3c28) 
thrown [s\open\src\hotspot\share\interpreter\linkResolver.cpp, line 796]
Event: 45.290 Thread 0x000001e57ef171b0 Exception <a 'java/lang/NoSuchMethodError'{0x00000007122cd458}: 'long java.lang.invoke.DirectMethodHandle$Holder.invokeSpecial(java.lang.Object, java.lang.Object)'> (0x00000007122cd458) 
thrown [s\open\src\hotspot\share\interpreter\linkResolver.cpp, line 796]
Event: 45.290 Thread 0x000001e57ef171b0 Exception <a 'java/lang/NoSuchMethodError'{0x00000007122d0888}: 'long java.lang.invoke.Invokers$Holder.invokeExact_MT(java.lang.Object, java.lang.Object)'> (0x00000007122d0888) 
thrown [s\open\src\hotspot\share\interpreter\linkResolver.cpp, line 796]
Event: 45.295 Thread 0x000001e57ef171b0 Exception <a 'java/lang/NoSuchMethodError'{0x000000071230e7b8}: static [B.<clinit>()V> (0x000000071230e7b8) 
thrown [s\open\src\hotspot\share\prims\jni.cpp, line 1111]
Event: 45.347 Thread 0x000001e57ef171b0 Exception <a 'java/lang/NoSuchMethodError'{0x000000071231a598}: 'java.lang.Object java.lang.invoke.DirectMethodHandle$Holder.newInvokeSpecial(java.lang.Object, java.lang.Object, int, java.lang.Object, java.lang.Object)'> (0x000000071231a598) 
thrown [s\open\src\hotspot\share\interpreter\linkResolver.cpp, line 796]
Event: 45.348 Thread 0x000001e57ef171b0 Exception <a 'java/lang/NoSuchMethodError'{0x000000071231df58}: 'java.lang.Object java.lang.invoke.DirectMethodHandle$Holder.invokeSpecial(java.lang.Object, java.lang.Object, java.lang.Object, int, java.lang.Object, java.lang.Object)'> (0x000000071231df58) 
thrown [s\open\src\hotspot\share\interpreter\linkResolver.cpp, line 796]
Event: 45.416 Thread 0x000001e57ebc5b80 Exception <a 'java/io/FileNotFoundException'{0x0000000712132fd0}> (0x0000000712132fd0) 
thrown [s\open\src\hotspot\share\prims\jni.cpp, line 520]
Event: 45.459 Thread 0x000001e57ebc5b80 Exception <a 'java/io/FileNotFoundException'{0x0000000711e29d50}> (0x0000000711e29d50) 
thrown [s\open\src\hotspot\share\prims\jni.cpp, line 520]
Event: 61.422 Thread 0x000001e57ebc5b80 Implicit null exception at 0x000001e52ce48ea3 to 0x000001e52ce48f10
Event: 67.287 Thread 0x000001e57ebc5b80 Exception <a 'java/lang/NoSuchMethodError'{0x000000071122b8e0}: 'java.lang.Object java.lang.invoke.DirectMethodHandle$Holder.newInvokeSpecial(java.lang.Object, java.lang.Object, java.lang.Object, int)'> (0x000000071122b8e0) 
thrown [s\open\src\hotspot\share\interpreter\linkResolver.cpp, line 796]
Event: 67.287 Thread 0x000001e57ebc5b80 Exception <a 'java/lang/NoSuchMethodError'{0x000000071122fa48}: 'java.lang.Object java.lang.invoke.DirectMethodHandle$Holder.invokeSpecial(java.lang.Object, java.lang.Object, java.lang.Object, java.lang.Object, int)'> (0x000000071122fa48) 
thrown [s\open\src\hotspot\share\interpreter\linkResolver.cpp, line 796]
Event: 67.289 Thread 0x000001e57ebc5b80 Exception <a 'java/lang/NoSuchMethodError'{0x0000000711233198}: 'java.lang.Object java.lang.invoke.Invokers$Holder.linkToTargetMethod(java.lang.Object, java.lang.Object, int, java.lang.Object)'> (0x0000000711233198) 
thrown [s\open\src\hotspot\share\interpreter\linkResolver.cpp, line 796]
Event: 67.390 Thread 0x000001e57ebc5b80 Exception <a 'java/io/FileNotFoundException'{0x0000000711144aa8}> (0x0000000711144aa8) 
thrown [s\open\src\hotspot\share\prims\jni.cpp, line 520]
Event: 67.390 Thread 0x000001e57ebc5b80 Exception <a 'java/io/FileNotFoundException'{0x0000000711145e48}> (0x0000000711145e48) 
thrown [s\open\src\hotspot\share\prims\jni.cpp, line 520]
Event: 67.394 Thread 0x000001e57ebc5b80 Exception <a 'java/io/FileNotFoundException'{0x0000000711158c98}> (0x0000000711158c98) 
thrown [s\open\src\hotspot\share\prims\jni.cpp, line 520]
Event: 67.394 Thread 0x000001e57ebc5b80 Exception <a 'java/io/FileNotFoundException'{0x000000071115a038}> (0x000000071115a038) 
thrown [s\open\src\hotspot\share\prims\jni.cpp, line 520]

VM Operations (20 events):
Event: 130.091 Executing VM operation: G1CollectForAllocation (G1 Evacuation Pause)
Event: 130.092 Executing VM operation: G1CollectForAllocation (G1 Evacuation Pause) done
Event: 130.268 Executing VM operation: G1CollectForAllocation (G1 Evacuation Pause)
Event: 130.269 Executing VM operation: G1CollectForAllocation (G1 Evacuation Pause) done
Event: 130.442 Executing VM operation: G1CollectForAllocation (G1 Evacuation Pause)
Event: 130.443 Executing VM operation: G1CollectForAllocation (G1 Evacuation Pause) done
Event: 130.606 Executing VM operation: G1CollectForAllocation (G1 Evacuation Pause)
Event: 130.608 Executing VM operation: G1CollectForAllocation (G1 Evacuation Pause) done
Event: 130.760 Executing VM operation: G1CollectForAllocation (G1 Evacuation Pause)
Event: 130.761 Executing VM operation: G1CollectForAllocation (G1 Evacuation Pause) done
Event: 130.936 Executing VM operation: G1CollectForAllocation (G1 Evacuation Pause)
Event: 130.937 Executing VM operation: G1CollectForAllocation (G1 Evacuation Pause) done
Event: 131.086 Executing VM operation: G1CollectForAllocation (G1 Evacuation Pause)
Event: 131.088 Executing VM operation: G1CollectForAllocation (G1 Evacuation Pause) done
Event: 131.262 Executing VM operation: G1CollectForAllocation (G1 Evacuation Pause)
Event: 131.264 Executing VM operation: G1CollectForAllocation (G1 Evacuation Pause) done
Event: 131.808 Executing VM operation: G1CollectForAllocation (G1 Evacuation Pause)
Event: 131.809 Executing VM operation: G1CollectForAllocation (G1 Evacuation Pause) done
Event: 131.981 Executing VM operation: G1CollectForAllocation (G1 Evacuation Pause)
Event: 131.983 Executing VM operation: G1CollectForAllocation (G1 Evacuation Pause) done

Memory protections (0 events):
No events

Nmethod flushes (0 events):
No events

Events (20 events):
Event: 89.943 Thread 0x000001e53c8c0930 Thread added: 0x000001e50cff1670
Event: 89.943 Thread 0x000001e53c8c0930 Thread added: 0x000001e5149f18d0
Event: 91.011 Thread 0x000001e5149f18d0 Thread exited: 0x000001e5149f18d0
Event: 91.033 Thread 0x000001e50cff1670 Thread exited: 0x000001e50cff1670
Event: 94.369 Thread 0x000001e57e3e7ad0 Thread exited: 0x000001e57e3e7ad0
Event: 107.501 Thread 0x000001e57ebc5b80 Thread added: 0x000001e57ef171b0
Event: 110.325 Thread 0x000001e53c8c0930 Thread added: 0x000001e57f87e4a0
Event: 112.766 Thread 0x000001e57f87e4a0 Thread added: 0x000001e53c96e0c0
Event: 112.766 Thread 0x000001e57f87e4a0 Thread added: 0x000001e53c96ef90
Event: 114.228 Thread 0x000001e53c96ef90 Thread exited: 0x000001e53c96ef90
Event: 114.775 Thread 0x000001e53c96e0c0 Thread exited: 0x000001e53c96e0c0
Event: 114.775 Thread 0x000001e57f87e4a0 Thread exited: 0x000001e57f87e4a0
Event: 121.611 Thread 0x000001e53c8b1ee0 Thread added: 0x000001e50d5bcb50
Event: 121.618 Thread 0x000001e53c8b1ee0 Thread added: 0x000001e50d5a6f10
Event: 121.742 Thread 0x000001e50d5a6f10 Thread exited: 0x000001e50d5a6f10
Event: 122.100 Thread 0x000001e50d5bcb50 Thread exited: 0x000001e50d5bcb50
Event: 125.532 Thread 0x000001e53c8b1ee0 Thread added: 0x000001e50d5bcb50
Event: 125.623 Thread 0x000001e50d5bcb50 Thread added: 0x000001e50d5a6f10
Event: 126.210 Thread 0x000001e50d5a6f10 Thread exited: 0x000001e50d5a6f10
Event: 126.743 Thread 0x000001e50d5bcb50 Thread exited: 0x000001e50d5bcb50


Dynamic libraries:
0x00007ff70cdf0000 - 0x00007ff70ce00000 	C:\Program Files\Java\jdk-23\bin\java.exe
0x00007ffb2a280000 - 0x00007ffb2a4e7000 	C:\WINDOWS\SYSTEM32\ntdll.dll
0x00007ffb29710000 - 0x00007ffb297d9000 	C:\WINDOWS\System32\KERNEL32.DLL
0x00007ffb27aa0000 - 0x00007ffb27e91000 	C:\WINDOWS\System32\KERNELBASE.dll
0x00007ffb27680000 - 0x00007ffb277cb000 	C:\WINDOWS\System32\ucrtbase.dll
0x00007ffb1c730000 - 0x00007ffb1c747000 	C:\Program Files\Java\jdk-23\bin\jli.dll
0x00007ffb29350000 - 0x00007ffb29515000 	C:\WINDOWS\System32\USER32.dll
0x00007ffb20500000 - 0x00007ffb2051b000 	C:\Program Files\Java\jdk-23\bin\VCRUNTIME140.dll
0x00007ffb27900000 - 0x00007ffb27927000 	C:\WINDOWS\System32\win32u.dll
0x00007ffb2a180000 - 0x00007ffb2a1ab000 	C:\WINDOWS\System32\GDI32.dll
0x00007ffb277d0000 - 0x00007ffb278fb000 	C:\WINDOWS\System32\gdi32full.dll
0x00007ffb08560000 - 0x00007ffb087f3000 	C:\WINDOWS\WinSxS\amd64_microsoft.windows.common-controls_6595b64144ccf1df_6.0.26100.7344_none_3e0a71fae332857b\COMCTL32.dll
0x00007ffb275d0000 - 0x00007ffb27673000 	C:\WINDOWS\System32\msvcp_win.dll
0x00007ffb29990000 - 0x00007ffb29a39000 	C:\WINDOWS\System32\msvcrt.dll
0x00007ffb284b0000 - 0x00007ffb284e1000 	C:\WINDOWS\System32\IMM32.DLL
0x00007ffb23b00000 - 0x00007ffb23b0c000 	C:\Program Files\Java\jdk-23\bin\vcruntime140_1.dll
0x00007ffb1c2d0000 - 0x00007ffb1c35e000 	C:\Program Files\Java\jdk-23\bin\msvcp140.dll
0x00007ffa7b860000 - 0x00007ffa7c5af000 	C:\Program Files\Java\jdk-23\bin\server\jvm.dll
0x00007ffb2a0c0000 - 0x00007ffb2a174000 	C:\WINDOWS\System32\ADVAPI32.dll
0x00007ffb29820000 - 0x00007ffb298c6000 	C:\WINDOWS\System32\sechost.dll
0x00007ffb28f20000 - 0x00007ffb29038000 	C:\WINDOWS\System32\RPCRT4.dll
0x00007ffb2a1c0000 - 0x00007ffb2a234000 	C:\WINDOWS\System32\WS2_32.dll
0x00007ffb1d6c0000 - 0x00007ffb1d6f5000 	C:\WINDOWS\SYSTEM32\WINMM.dll
0x00007ffb08850000 - 0x00007ffb0885b000 	C:\WINDOWS\SYSTEM32\VERSION.dll
0x00007ffb27250000 - 0x00007ffb272ae000 	C:\WINDOWS\SYSTEM32\POWRPROF.dll
0x00007ffb27230000 - 0x00007ffb27244000 	C:\WINDOWS\SYSTEM32\UMPDC.dll
0x00007ffb26140000 - 0x00007ffb2615b000 	C:\WINDOWS\SYSTEM32\kernel.appcore.dll
0x00007ffb23a20000 - 0x00007ffb23a2a000 	C:\Program Files\Java\jdk-23\bin\jimage.dll
0x00007ffb24a60000 - 0x00007ffb24ca2000 	C:\WINDOWS\SYSTEM32\DBGHELP.DLL
0x00007ffb29ad0000 - 0x00007ffb29e54000 	C:\WINDOWS\System32\combase.dll
0x00007ffb28ca0000 - 0x00007ffb28d77000 	C:\WINDOWS\System32\OLEAUT32.dll
0x00007ffb010f0000 - 0x00007ffb0112b000 	C:\WINDOWS\SYSTEM32\dbgcore.DLL
0x00007ffb27490000 - 0x00007ffb27535000 	C:\WINDOWS\System32\bcryptPrimitives.dll
0x00007ffb1c610000 - 0x00007ffb1c62e000 	C:\Program Files\Java\jdk-23\bin\java.dll
0x00007ffb28d80000 - 0x00007ffb28f17000 	C:\WINDOWS\System32\ole32.dll
0x00007ffb28540000 - 0x00007ffb28c8f000 	C:\WINDOWS\System32\SHELL32.dll
0x00007ffb27930000 - 0x00007ffb27a9a000 	C:\WINDOWS\System32\wintypes.dll
0x00007ffb24fa0000 - 0x00007ffb25802000 	C:\WINDOWS\SYSTEM32\windows.storage.dll
0x00007ffb290c0000 - 0x00007ffb291b6000 	C:\WINDOWS\System32\SHCORE.dll
0x00007ffb29040000 - 0x00007ffb290a7000 	C:\WINDOWS\System32\shlwapi.dll
0x00007ffb272f0000 - 0x00007ffb27318000 	C:\WINDOWS\SYSTEM32\profapi.dll
0x00007ffaee960000 - 0x00007ffaeea37000 	C:\Program Files\Java\jdk-23\bin\jsvml.dll
0x00007ffb1cef0000 - 0x00007ffb1cf00000 	C:\Program Files\Java\jdk-23\bin\net.dll
0x00007ffb26690000 - 0x00007ffb266fb000 	C:\WINDOWS\system32\mswsock.dll
0x00007ffb1c5a0000 - 0x00007ffb1c5b6000 	C:\Program Files\Java\jdk-23\bin\nio.dll
0x00007ffb1c580000 - 0x00007ffb1c597000 	C:\Program Files\Java\jdk-23\bin\zip.dll
0x000001e51a8d0000 - 0x000001e51a8d3000 	C:\Users\USER\.openjfx\cache\21+31\amd64\api-ms-win-core-console-l1-1-0.dll
0x000001e51a8e0000 - 0x000001e51a8e3000 	C:\Users\USER\.openjfx\cache\21+31\amd64\api-ms-win-core-console-l1-2-0.dll
0x000001e51a8f0000 - 0x000001e51a8f3000 	C:\Users\USER\.openjfx\cache\21+31\amd64\api-ms-win-core-datetime-l1-1-0.dll
0x000001e51a900000 - 0x000001e51a903000 	C:\Users\USER\.openjfx\cache\21+31\amd64\api-ms-win-core-debug-l1-1-0.dll
0x000001e51a910000 - 0x000001e51a913000 	C:\Users\USER\.openjfx\cache\21+31\amd64\api-ms-win-core-errorhandling-l1-1-0.dll
0x000001e51a920000 - 0x000001e51a924000 	C:\Users\USER\.openjfx\cache\21+31\amd64\api-ms-win-core-file-l1-1-0.dll
0x000001e51a930000 - 0x000001e51a933000 	C:\Users\USER\.openjfx\cache\21+31\amd64\api-ms-win-core-file-l1-2-0.dll
0x000001e51a940000 - 0x000001e51a943000 	C:\Users\USER\.openjfx\cache\21+31\amd64\api-ms-win-core-file-l2-1-0.dll
0x000001e51a950000 - 0x000001e51a953000 	C:\Users\USER\.openjfx\cache\21+31\amd64\api-ms-win-core-handle-l1-1-0.dll
0x000001e53cef0000 - 0x000001e53cef3000 	C:\Users\USER\.openjfx\cache\21+31\amd64\api-ms-win-core-heap-l1-1-0.dll
0x000001e53cf00000 - 0x000001e53cf03000 	C:\Users\USER\.openjfx\cache\21+31\amd64\api-ms-win-core-interlocked-l1-1-0.dll
0x000001e53cf10000 - 0x000001e53cf13000 	C:\Users\USER\.openjfx\cache\21+31\amd64\api-ms-win-core-libraryloader-l1-1-0.dll
0x000001e53cf20000 - 0x000001e53cf23000 	C:\Users\USER\.openjfx\cache\21+31\amd64\api-ms-win-core-localization-l1-2-0.dll
0x000001e53cf30000 - 0x000001e53cf33000 	C:\Users\USER\.openjfx\cache\21+31\amd64\api-ms-win-core-memory-l1-1-0.dll
0x000001e53cf40000 - 0x000001e53cf43000 	C:\Users\USER\.openjfx\cache\21+31\amd64\api-ms-win-core-namedpipe-l1-1-0.dll
0x000001e53cf50000 - 0x000001e53cf53000 	C:\Users\USER\.openjfx\cache\21+31\amd64\api-ms-win-core-processenvironment-l1-1-0.dll
0x000001e53cf60000 - 0x000001e53cf63000 	C:\Users\USER\.openjfx\cache\21+31\amd64\api-ms-win-core-processthreads-l1-1-0.dll
0x000001e53cf70000 - 0x000001e53cf73000 	C:\Users\USER\.openjfx\cache\21+31\amd64\api-ms-win-core-processthreads-l1-1-1.dll
0x000001e53cf80000 - 0x000001e53cf83000 	C:\Users\USER\.openjfx\cache\21+31\amd64\api-ms-win-core-profile-l1-1-0.dll
0x000001e53cf90000 - 0x000001e53cf93000 	C:\Users\USER\.openjfx\cache\21+31\amd64\api-ms-win-core-rtlsupport-l1-1-0.dll
0x000001e53cfa0000 - 0x000001e53cfa3000 	C:\Users\USER\.openjfx\cache\21+31\amd64\api-ms-win-core-string-l1-1-0.dll
0x000001e53cfb0000 - 0x000001e53cfb3000 	C:\Users\USER\.openjfx\cache\21+31\amd64\api-ms-win-core-synch-l1-1-0.dll
0x000001e53cfc0000 - 0x000001e53cfc3000 	C:\Users\USER\.openjfx\cache\21+31\amd64\api-ms-win-core-synch-l1-2-0.dll
0x000001e53cfd0000 - 0x000001e53cfd3000 	C:\Users\USER\.openjfx\cache\21+31\amd64\api-ms-win-core-sysinfo-l1-1-0.dll
0x000001e53cfe0000 - 0x000001e53cfe3000 	C:\Users\USER\.openjfx\cache\21+31\amd64\api-ms-win-core-timezone-l1-1-0.dll
0x000001e53cff0000 - 0x000001e53cff3000 	C:\Users\USER\.openjfx\cache\21+31\amd64\api-ms-win-core-util-l1-1-0.dll
0x000001e57e800000 - 0x000001e57e803000 	C:\Users\USER\.openjfx\cache\21+31\amd64\api-ms-win-crt-conio-l1-1-0.dll
0x000001e57e810000 - 0x000001e57e814000 	C:\Users\USER\.openjfx\cache\21+31\amd64\api-ms-win-crt-convert-l1-1-0.dll
0x000001e57e820000 - 0x000001e57e823000 	C:\Users\USER\.openjfx\cache\21+31\amd64\api-ms-win-crt-environment-l1-1-0.dll
0x000001e57e830000 - 0x000001e57e833000 	C:\Users\USER\.openjfx\cache\21+31\amd64\api-ms-win-crt-filesystem-l1-1-0.dll
0x000001e57e840000 - 0x000001e57e843000 	C:\Users\USER\.openjfx\cache\21+31\amd64\api-ms-win-crt-heap-l1-1-0.dll
0x000001e57e850000 - 0x000001e57e853000 	C:\Users\USER\.openjfx\cache\21+31\amd64\api-ms-win-crt-locale-l1-1-0.dll
0x000001e57e860000 - 0x000001e57e865000 	C:\Users\USER\.openjfx\cache\21+31\amd64\api-ms-win-crt-math-l1-1-0.dll
0x000001e57e870000 - 0x000001e57e875000 	C:\Users\USER\.openjfx\cache\21+31\amd64\api-ms-win-crt-multibyte-l1-1-0.dll
0x000001e57e880000 - 0x000001e57e890000 	C:\Users\USER\.openjfx\cache\21+31\amd64\api-ms-win-crt-private-l1-1-0.dll
0x000001e57e890000 - 0x000001e57e893000 	C:\Users\USER\.openjfx\cache\21+31\amd64\api-ms-win-crt-process-l1-1-0.dll
0x000001e57e8a0000 - 0x000001e57e8a4000 	C:\Users\USER\.openjfx\cache\21+31\amd64\api-ms-win-crt-runtime-l1-1-0.dll
0x000001e57e8b0000 - 0x000001e57e8b4000 	C:\Users\USER\.openjfx\cache\21+31\amd64\api-ms-win-crt-stdio-l1-1-0.dll
0x000001e57e8c0000 - 0x000001e57e8c4000 	C:\Users\USER\.openjfx\cache\21+31\amd64\api-ms-win-crt-string-l1-1-0.dll
0x000001e57e8d0000 - 0x000001e57e8d3000 	C:\Users\USER\.openjfx\cache\21+31\amd64\api-ms-win-crt-time-l1-1-0.dll
0x000001e57e8e0000 - 0x000001e57e8e3000 	C:\Users\USER\.openjfx\cache\21+31\amd64\api-ms-win-crt-utility-l1-1-0.dll
0x00007ffade8b0000 - 0x00007ffade9ac000 	C:\Users\USER\.openjfx\cache\21+31\amd64\ucrtbase.dll
0x00007ffb1c530000 - 0x00007ffb1c54b000 	C:\Users\USER\.openjfx\cache\21+31\amd64\vcruntime140.dll
0x00007ffb1c600000 - 0x00007ffb1c60c000 	C:\Users\USER\.openjfx\cache\21+31\amd64\vcruntime140_1.dll
0x00007ffaee8d0000 - 0x00007ffaee95e000 	C:\Users\USER\.openjfx\cache\21+31\amd64\msvcp140.dll
0x00007ffb1c490000 - 0x00007ffb1c499000 	C:\Users\USER\.openjfx\cache\21+31\amd64\msvcp140_1.dll
0x00007ffb1c2a0000 - 0x00007ffb1c2cf000 	C:\Users\USER\.openjfx\cache\21+31\amd64\msvcp140_2.dll
0x00007ffb1c270000 - 0x00007ffb1c29f000 	C:\Users\USER\.openjfx\cache\21+31\amd64\prism_d3d.dll
0x00007ffa8b040000 - 0x00007ffa8b1f3000 	C:\WINDOWS\system32\d3d9.dll
0x00007ffb241e0000 - 0x00007ffb24210000 	C:\WINDOWS\SYSTEM32\dwmapi.dll
0x00007ffb24030000 - 0x00007ffb24074000 	C:\WINDOWS\SYSTEM32\dxcore.dll
0x00007ffb23e00000 - 0x00007ffb23eab000 	C:\WINDOWS\system32\uxtheme.dll
0x00007ffa8c4c0000 - 0x00007ffa8c583000 	C:\WINDOWS\SYSTEM32\d3d9on12.dll
0x00007ffb24080000 - 0x00007ffb241bc000 	C:\WINDOWS\SYSTEM32\dxgi.dll
0x00007ffabb100000 - 0x00007ffabb123000 	C:\WINDOWS\SYSTEM32\d3d12.dll
0x00007ffb26f10000 - 0x00007ffb26f67000 	C:\WINDOWS\SYSTEM32\cfgmgr32.dll
0x00007ffa8ace0000 - 0x00007ffa8b039000 	C:\WINDOWS\SYSTEM32\D3D12Core.dll
0x00007ffa90900000 - 0x00007ffa90927000 	C:\WINDOWS\System32\DriverStore\FileRepository\iigd_dch.inf_amd64_c73cfa60d516cb00\igd12umd64.dll
0x00007ffa817e0000 - 0x00007ffa82662000 	C:\WINDOWS\System32\DriverStore\FileRepository\iigd_dch.inf_amd64_c73cfa60d516cb00\igd12um64xel.dll
0x00007ffb27ea0000 - 0x00007ffb28017000 	C:\WINDOWS\System32\CRYPT32.dll
0x00007ffb272c0000 - 0x00007ffb272ea000 	C:\WINDOWS\SYSTEM32\bcrypt.dll
0x00007ffb1d360000 - 0x00007ffb1d39b000 	C:\WINDOWS\SYSTEM32\ControlLib.dll
0x00007ffb28020000 - 0x00007ffb284a9000 	C:\WINDOWS\System32\SETUPAPI.dll
0x00007ffb26f70000 - 0x00007ffb26f9d000 	C:\WINDOWS\SYSTEM32\DEVOBJ.dll
0x00007ffb1cd50000 - 0x00007ffb1cdc6000 	C:\WINDOWS\System32\DriverStore\FileRepository\iigd_dch.inf_amd64_c73cfa60d516cb00\IntelControlLib.dll
0x00007ffb27540000 - 0x00007ffb275c0000 	C:\WINDOWS\System32\WINTRUST.dll
0x00007ffb26ae0000 - 0x00007ffb26af3000 	C:\WINDOWS\SYSTEM32\MSASN1.dll
0x00007ffb20760000 - 0x00007ffb207c2000 	C:\WINDOWS\SYSTEM32\directxdatabasehelper.dll
0x00007ffb1c930000 - 0x00007ffb1cd45000 	C:\WINDOWS\System32\DriverStore\FileRepository\iigd_dch.inf_amd64_c73cfa60d516cb00\igdgmm64.dll
0x00007ffb17580000 - 0x00007ffb1baff000 	C:\WINDOWS\System32\DriverStore\FileRepository\iigd_dch.inf_amd64_c73cfa60d516cb00\igc64.dll
0x00007ffa8abf0000 - 0x00007ffa8acd5000 	C:\WINDOWS\SYSTEM32\D3DSCache.dll
0x00007ffb26740000 - 0x00007ffb2676b000 	C:\WINDOWS\SYSTEM32\USERENV.dll
0x00007ffa7d450000 - 0x00007ffa80c27000 	C:\WINDOWS\System32\DriverStore\FileRepository\iigd_dch.inf_amd64_c73cfa60d516cb00\igd12dxva64.dll
0x00007ffadcf00000 - 0x00007ffadcf27000 	C:\WINDOWS\System32\DriverStore\FileRepository\iigd_dch.inf_amd64_c73cfa60d516cb00\igdinfo64.dll
0x00007ffb1bd90000 - 0x00007ffb1bdd2000 	C:\Users\USER\.openjfx\cache\21+31\amd64\glass.dll
0x00007ffb29250000 - 0x00007ffb2933f000 	C:\WINDOWS\System32\COMDLG32.dll
0x00007ffb29520000 - 0x00007ffb2967f000 	C:\WINDOWS\System32\MSCTF.dll
0x00007ffb1c410000 - 0x00007ffb1c424000 	C:\Users\USER\.openjfx\cache\21+31\amd64\javafx_font.dll
0x00007ffb225c0000 - 0x00007ffb22827000 	C:\WINDOWS\SYSTEM32\dwrite.dll
0x00007ffb298d0000 - 0x00007ffb29980000 	C:\WINDOWS\System32\clbcatq.dll
0x00007ffb222a0000 - 0x00007ffb224ce000 	C:\WINDOWS\SYSTEM32\WindowsCodecs.dll
0x00007ffb11700000 - 0x00007ffb1175a000 	C:\WINDOWS\system32\dataexchange.dll

dbghelp: loaded successfully - version: 4.0.5 - missing functions: none
symbol engine: initialized successfully - sym options: 0x614 - pdb path: .;C:\Program Files\Java\jdk-23\bin;C:\WINDOWS\SYSTEM32;C:\WINDOWS\WinSxS\amd64_microsoft.windows.common-controls_6595b64144ccf1df_6.0.26100.7344_none_3e0a71fae332857b;C:\Program Files\Java\jdk-23\bin\server;C:\Users\USER\.openjfx\cache\21+31\amd64;C:\WINDOWS\System32\DriverStore\FileRepository\iigd_dch.inf_amd64_c73cfa60d516cb00;C:\Program Files\Common Files\Microsoft Shared\Ink;C:\WINDOWS\WinSxS\amd64_microsoft.windows.gdiplus_6595b64144ccf1df_1.1.26100.7344_none_6ef564e03dc4ff49;C:\Windows\System32\lxss;C:\Users\USER\AppData\Local\Microsoft\OneDrive\25.224.1116.0003

VM Arguments:
jvm_args: --module-path=C:\Users\USER\.m2\repository\org\openjfx\javafx-base\21\javafx-base-21-win.jar;C:\Users\USER\.m2\repository\org\openjfx\javafx-base\21\javafx-base-21.jar;C:\Users\USER\.m2\repository\org\openjfx\javafx-controls\21\javafx-controls-21-win.jar;C:\Users\USER\.m2\repository\org\openjfx\javafx-controls\21\javafx-controls-21.jar;C:\Users\USER\.m2\repository\org\openjfx\javafx-fxml\21\javafx-fxml-21-win.jar;C:\Users\USER\.m2\repository\org\openjfx\javafx-fxml\21\javafx-fxml-21.jar;C:\Users\USER\.m2\repository\org\openjfx\javafx-graphics\21\javafx-graphics-21-win.jar;C:\Users\USER\.m2\repository\org\openjfx\javafx-graphics\21\javafx-graphics-21.jar --add-modules=javafx.base,javafx.controls,javafx.fxml,javafx.graphics 
java_command: com.securechat.client.ClientApp
java_class_path (initial): C:\Users\USER\OneDrive\Desktop\Networking Project2\client\target\classes;C:\Users\USER\.m2\repository\com\securechat\common\1.0-SNAPSHOT\common-1.0-SNAPSHOT.jar
Launcher Type: SUN_STANDARD

[Global flags]
     intx CICompilerCount                          = 12                                        {product} {ergonomic}
     uint ConcGCThreads                            = 3                                         {product} {ergonomic}
     uint G1ConcRefinementThreads                  = 13                                        {product} {ergonomic}
   size_t G1HeapRegionSize                         = 2097152                                   {product} {ergonomic}
   size_t InitialHeapSize                          = 264241152                                 {product} {ergonomic}
   size_t MarkStackSize                            = 4194304                                   {product} {ergonomic}
   size_t MarkStackSizeMax                         = 536870912                                 {product} {ergonomic}
   size_t MaxHeapSize                              = 4219469824                                {product} {ergonomic}
   size_t MaxNewSize                               = 2531262464                                {product} {ergonomic}
   size_t MinHeapDeltaBytes                        = 2097152                                   {product} {ergonomic}
   size_t MinHeapSize                              = 8388608                                   {product} {ergonomic}
    uintx NonNMethodCodeHeapSize                   = 7602176                                {pd product} {ergonomic}
    uintx NonProfiledCodeHeapSize                  = 122093568                              {pd product} {ergonomic}
    uintx ProfiledCodeHeapSize                     = 121962496                              {pd product} {ergonomic}
    uintx ReservedCodeCacheSize                    = 251658240                              {pd product} {ergonomic}
     bool SegmentedCodeCache                       = true                                      {product} {ergonomic}
   size_t SoftMaxHeapSize                          = 4219469824                             {manageable} {ergonomic}
     bool UseCompressedOops                        = true                           {product lp64_product} {ergonomic}
     bool UseG1GC                                  = true                                      {product} {ergonomic}
     bool UseLargePagesIndividualAllocation        = false                                  {pd product} {ergonomic}

Logging:
Log output configuration:
 #0: stdout all=warning uptime,level,tags foldmultilines=false
 #1: stderr all=off uptime,level,tags foldmultilines=false

Environment Variables:
JAVA_HOME=C:\Program Files\Java\jdk-23
CLASSPATH=.;
PATH=C:\Program Files\Common Files\Oracle\Java\javapath;C:\Program Files (x86)\Common Files\Oracle\Java\java8path;C:\Program Files (x86)\Common Files\Oracle\Java\javapath;C:\WINDOWS\system32;C:\WINDOWS;C:\WINDOWS\System32\Wbem;C:\WINDOWS\System32\WindowsPowerShell\v1.0\;C:\WINDOWS\System32\OpenSSH\;C:\ProgramData\chocolatey\bin;C:\Program Files\Java\jdk1.8.0_211\bin;C:\Program Files (x86)\Java\latest\jre-1.8\bin;C:\Users\USER\AppData\Roaming\Python\Python313\Scripts;C:\Program Files (x86)\Windows Kits\10\Windows Performance Toolkit\;C:\Program Files\nodejs\;C:\flutter_windows_3.29.2-stable\flutter\bin;C:\Program Files\Git\cmd;C:\Users\USER\AppData\Local\Android\Sdk\emulator;C:\Users\USER\AppData\Local\Android\Sdk\platform-tools;C:\Users\USER\Downloads\commandlinetools-win-13114758_latest\cmdline-tools\latest\bin;E:\mingw64\bin;C:\Users\USER\AppData\Local\bin\NASM\nasm.exe;C:\Program Files (x86)\STMicroelectronics\STM32 ST-LINK Utility\ST-LINK Utility;C:\Program Files\Cloudflare\Cloudflare WARP\;C:\Program Files\GitHub CLI\;C:\Program Files\Java\jdk-23;C:\Users\USER\Downloads\apache-maven-3.9.12-bin\apache-maven-3.9.12\bin;C:\Users\USER\AppData\Local\Programs\Python\Python312\Scripts\;C:\Users\USER\AppData\Local\Programs\Python\Python312\;C:\Program Files\Common Files\Oracle\Java\javapath;C:\Program Files (x86)\Common Files\Oracle\Java\java8path;C:\Program Files (x86)\Common Files\Oracle\Java\javapath;C:\mingw64\bin;C:\WINDOWS\system32;C:\WINDOWS;C:\WINDOWS\System32\Wbem;C:\WINDOWS\System32\WindowsPowerShell\v1.0\;C:\WINDOWS\System32\OpenSSH\;C:\ProgramData\chocolatey\bin;C:\Program Files\Java\jdk1.8.0_211\bin;C:\Program Files (x86)\Java\latest\jre-1.8\bin;C:\Program Files (x86)\Windows Kits\10\Windows Performance Toolkit\;C:\Program Files\nodejs\;C:\flutter_windows_3.29.2-stable\flutter\bin;C:\Program Files\Git\cmd;C:\Users\USER\AppData\Local\Android\Sdk\emulator;C:\Users\USER\AppData\Local\Android\Sdk\platform-tools;C:\Users\USER\Downloads\commandlinetools-win-13114758_latest\cmdline-tools\latest\bin;$env:PATH;C:\Users\USER\AppData\Local\bin\NASM;C:\Users\USER\AppData\Local\Microsoft\WindowsApps;C:\Users\USER\AppData\Local\Programs\Microsoft VS Code\bin;C:\Users\USER\AppData\Local\Programs\Antigravity\bin;c:\Users\USER\.antigravity\extensions\vscjava.vscode-java-debug-0.58.4-universal\bundled\scripts\noConfigScripts
USERNAME=Bondhon Kumar Sarker
LANG=en_US.UTF-8
OS=Windows_NT
PROCESSOR_IDENTIFIER=Intel64 Family 6 Model 154 Stepping 3, GenuineIntel
TMP=C:\Users\USER\AppData\Local\Temp
TEMP=C:\Users\USER\AppData\Local\Temp




Periodic native trim disabled

---------------  S Y S T E M  ---------------

OS:
 Windows 11 , 64 bit Build 26100 (10.0.26100.7523)
OS uptime: 1 days 21:57 hours
Hyper-V role detected

CPU: total 16 (initial active 16) (8 cores per cpu, 2 threads per core) family 6 model 154 stepping 3 microcode 0x423, cx8, cmov, fxsr, ht, mmx, 3dnowpref, sse, sse2, sse3, ssse3, sse4.1, sse4.2, popcnt, lzcnt, tsc, tscinvbit, avx, avx2, aes, erms, clmul, bmi1, bmi2, adx, sha, fma, vzeroupper, clflush, clflushopt, clwb, hv, serialize, rdtscp, rdpid, fsrm, gfni, f16c, cet_ibt, cet_ss
Processor Information for processor 0
  Max Mhz: 1700, Current Mhz: 1700, Mhz Limit: 1700
Processor Information for processor 1
  Max Mhz: 1700, Current Mhz: 1700, Mhz Limit: 1700
Processor Information for processor 2
  Max Mhz: 1700, Current Mhz: 1457, Mhz Limit: 1700
Processor Information for processor 3
  Max Mhz: 1700, Current Mhz: 1457, Mhz Limit: 1700
Processor Information for processor 4
  Max Mhz: 1700, Current Mhz: 1700, Mhz Limit: 1700
Processor Information for processor 5
  Max Mhz: 1700, Current Mhz: 1457, Mhz Limit: 1700
Processor Information for processor 6
  Max Mhz: 1700, Current Mhz: 1457, Mhz Limit: 1700
Processor Information for processor 7
  Max Mhz: 1700, Current Mhz: 1457, Mhz Limit: 1700
Processor Information for processor 8
  Max Mhz: 1700, Current Mhz: 1200, Mhz Limit: 1190
Processor Information for processor 9
  Max Mhz: 1700, Current Mhz: 1200, Mhz Limit: 1190
Processor Information for processor 10
  Max Mhz: 1700, Current Mhz: 1200, Mhz Limit: 1190
Processor Information for processor 11
  Max Mhz: 1700, Current Mhz: 1200, Mhz Limit: 1190
Processor Information for processor 12
  Max Mhz: 1700, Current Mhz: 1200, Mhz Limit: 1190
Processor Information for processor 13
  Max Mhz: 1700, Current Mhz: 1200, Mhz Limit: 1190
Processor Information for processor 14
  Max Mhz: 1700, Current Mhz: 1200, Mhz Limit: 1190
Processor Information for processor 15
  Max Mhz: 1700, Current Mhz: 1200, Mhz Limit: 1190

Memory: 4k page, system-wide physical 16088M (470M free)
TotalPageFile size 22361M (AvailPageFile size 4M)
current process WorkingSet (physical memory assigned to process): 379M, peak: 410M
current process commit charge ("private bytes"): 403M, peak: 632M

vm_info: Java HotSpot(TM) 64-Bit Server VM (23.0.1+11-39) for windows-amd64 JRE (23.0.1+11-39), built on 2024-09-30T07:20:43Z with MS VC++ 17.6 (VS2022)

END.
